<?xml version="1.0" encoding="UTF-8"?>
<testsuites name="Integration_tests" time="289.316" tests="8" failures="1" errors="0">
   <testsuite name="Integration_tests" tests="8" failures="1" errors="0" time="289.316" skipped="0" timestamp="2023-02-01 16:43:12" hostname="gabrielcrooke - 192.168.0.9" id="Test Suites/Integration_tests">
      <properties>
         <property name="deviceName" value=""/>
         <property name="devicePlatform" value=""/>
         <property name="logFolder" value="/Users/gabrielcrooke/Katalon Studio/KatalonProject/Reports/20230201_164237/Integration_tests/20230201_164256"/>
         <property name="logFiles" value="/Users/gabrielcrooke/Katalon Studio/KatalonProject/Reports/20230201_164237/Integration_tests/20230201_164256/execution0.log"/>
         <property name="attachments" value="/Users/gabrielcrooke/Katalon Studio/KatalonProject/Reports/20230201_164237/Integration_tests/20230201_164256/1675284307836.png"/>
         <property name="hostName" value="gabrielcrooke - 192.168.0.9"/>
         <property name="os" value="Mac OS X 64bit"/>
         <property name="katalonVersion" value="8.5.5.208"/>
         <property name="browser" value="Chrome 109.0.0.0"/>
         <property name="hostAddress" value="192.168.0.9"/>
         <property name="sessionId" value="838aec6a9fce49147c7b886efa82658b"/>
         <property name="seleniumVersion" value="3.141.59"/>
         <property name="proxyInformation" value="ProxyInformation { proxyOption=NO_PROXY, proxyServerType=HTTP, username=, password=********, proxyServerAddress=, proxyServerPort=0, executionList=&quot;&quot;, isApplyToDesiredCapabilities=true }"/>
         <property name="platform" value="Mac OS X"/>
      </properties>
      <testcase name="Test Cases/bucles/Reto_for" time="49.879" classname="Test Cases/bucles/Reto_for" status="PASSED">
         <system-out><![CDATA[2023-02-01 16:43:13 - [TEST_CASE][PASSED] - Test Cases/bucles/Reto_for: Test Cases/bucles/Reto_for

2023-02-01 16:43:13 - [TEST_STEP][PASSED] - openBrowser(""): Browser is opened with url: ''

2023-02-01 16:43:14 - [MESSAGE][INFO] - Starting 'Chrome' driver

2023-02-01 16:43:14 - [MESSAGE][INFO] - Action delay is set to 0 milliseconds

2023-02-01 16:43:21 - [MESSAGE][PASSED] - Browser is opened with url: ''

2023-02-01 16:43:21 - [TEST_STEP][PASSED] - navigateToUrl("https://demoqa.com/text-box"): Navigate to 'https://demoqa.com/text-box' successfully

2023-02-01 16:43:26 - [MESSAGE][PASSED] - Navigate to 'https://demoqa.com/text-box' successfully

2023-02-01 16:43:26 - [TEST_STEP][PASSED] - waitForPageLoad(10): Wait for page load successfully

2023-02-01 16:43:27 - [MESSAGE][PASSED] - Wait for page load successfully

2023-02-01 16:43:27 - [TEST_STEP][PASSED] - maximizeWindow(): Current window maximized

2023-02-01 16:43:29 - [MESSAGE][PASSED] - Current window maximized

2023-02-01 16:43:29 - [TEST_STEP][PASSED] - scrollToPosition(0, 250): Browser is scrolled to position x = 0, y = 250

2023-02-01 16:43:29 - [MESSAGE][PASSED] - Browser is scrolled to position x = 0, y = 250

2023-02-01 16:43:29 - [TEST_STEP][PASSED] - for ([x = 1, x <= 5, (x++)]): Delayed 2 second(s)

2023-02-01 16:43:29 - [TEST_STEP][PASSED] - z = ["Carlos", "Erika", "Paco", "Rodrigo", "Josefina"]: null

2023-02-01 16:43:29 - [TEST_STEP][PASSED] - rn = new java.util.Random(): null

2023-02-01 16:43:29 - [TEST_STEP][PASSED] - tx_nombre = z[rn.nextInt(size)]: null

2023-02-01 16:43:29 - [TEST_STEP][PASSED] - setText(findTestObject("Object Repository/Reto_for/Page_ToolsQA/input_Full Name_userName"), tx_nombre): Text 'Erika' is set on object 'Object Repository/Reto_for/Page_ToolsQA/input_Full Name_userName'

2023-02-01 16:43:31 - [MESSAGE][PASSED] - Text 'Erika' is set on object 'Object Repository/Reto_for/Page_ToolsQA/input_Full Name_userName'

2023-02-01 16:43:31 - [TEST_STEP][PASSED] - setText(findTestObject("Object Repository/Reto_for/Page_ToolsQA/input_Email_userEmail"), tx_nombre + "@gmail.com"): Text 'Erika@gmail.com' is set on object 'Object Repository/Reto_for/Page_ToolsQA/input_Email_userEmail'

2023-02-01 16:43:32 - [MESSAGE][PASSED] - Text 'Erika@gmail.com' is set on object 'Object Repository/Reto_for/Page_ToolsQA/input_Email_userEmail'

2023-02-01 16:43:32 - [TEST_STEP][PASSED] - setText(findTestObject("Object Repository/Reto_for/Page_ToolsQA/textarea_Current Address_currentAddress"), "Direccion" + x): Text 'Direccion1' is set on object 'Object Repository/Reto_for/Page_ToolsQA/textarea_Current Address_currentAddress'

2023-02-01 16:43:33 - [MESSAGE][PASSED] - Text 'Direccion1' is set on object 'Object Repository/Reto_for/Page_ToolsQA/textarea_Current Address_currentAddress'

2023-02-01 16:43:33 - [TEST_STEP][PASSED] - setText(findTestObject("Object Repository/Reto_for/Page_ToolsQA/textarea_Permanent Address_permanentAddress"), "Direccion" + x): Text 'Direccion1' is set on object 'Object Repository/Reto_for/Page_ToolsQA/textarea_Permanent Address_permanentAddress'

2023-02-01 16:43:34 - [MESSAGE][PASSED] - Text 'Direccion1' is set on object 'Object Repository/Reto_for/Page_ToolsQA/textarea_Permanent Address_permanentAddress'

2023-02-01 16:43:34 - [TEST_STEP][PASSED] - click(findTestObject("Object Repository/Reto_for/Page_ToolsQA/button_Submit")): Object: 'Object Repository/Reto_for/Page_ToolsQA/button_Submit' is clicked on

2023-02-01 16:43:35 - [MESSAGE][PASSED] - Object: 'Object Repository/Reto_for/Page_ToolsQA/button_Submit' is clicked on

2023-02-01 16:43:35 - [TEST_STEP][PASSED] - delay(2): Delayed 2 second(s)

2023-02-01 16:43:37 - [MESSAGE][PASSED] - Delayed 2 second(s)

2023-02-01 16:43:37 - [TEST_STEP][PASSED] - z = ["Carlos", "Erika", "Paco", "Rodrigo", "Josefina"]: null

2023-02-01 16:43:37 - [TEST_STEP][PASSED] - rn = new java.util.Random(): null

2023-02-01 16:43:37 - [TEST_STEP][PASSED] - tx_nombre = z[rn.nextInt(size)]: null

2023-02-01 16:43:37 - [TEST_STEP][PASSED] - setText(findTestObject("Object Repository/Reto_for/Page_ToolsQA/input_Full Name_userName"), tx_nombre): Text 'Paco' is set on object 'Object Repository/Reto_for/Page_ToolsQA/input_Full Name_userName'

2023-02-01 16:43:38 - [MESSAGE][PASSED] - Text 'Paco' is set on object 'Object Repository/Reto_for/Page_ToolsQA/input_Full Name_userName'

2023-02-01 16:43:38 - [TEST_STEP][PASSED] - setText(findTestObject("Object Repository/Reto_for/Page_ToolsQA/input_Email_userEmail"), tx_nombre + "@gmail.com"): Text 'Paco@gmail.com' is set on object 'Object Repository/Reto_for/Page_ToolsQA/input_Email_userEmail'

2023-02-01 16:43:39 - [MESSAGE][PASSED] - Text 'Paco@gmail.com' is set on object 'Object Repository/Reto_for/Page_ToolsQA/input_Email_userEmail'

2023-02-01 16:43:39 - [TEST_STEP][PASSED] - setText(findTestObject("Object Repository/Reto_for/Page_ToolsQA/textarea_Current Address_currentAddress"), "Direccion" + x): Text 'Direccion2' is set on object 'Object Repository/Reto_for/Page_ToolsQA/textarea_Current Address_currentAddress'

2023-02-01 16:43:40 - [MESSAGE][PASSED] - Text 'Direccion2' is set on object 'Object Repository/Reto_for/Page_ToolsQA/textarea_Current Address_currentAddress'

2023-02-01 16:43:40 - [TEST_STEP][PASSED] - setText(findTestObject("Object Repository/Reto_for/Page_ToolsQA/textarea_Permanent Address_permanentAddress"), "Direccion" + x): Text 'Direccion2' is set on object 'Object Repository/Reto_for/Page_ToolsQA/textarea_Permanent Address_permanentAddress'

2023-02-01 16:43:41 - [MESSAGE][PASSED] - Text 'Direccion2' is set on object 'Object Repository/Reto_for/Page_ToolsQA/textarea_Permanent Address_permanentAddress'

2023-02-01 16:43:41 - [TEST_STEP][PASSED] - click(findTestObject("Object Repository/Reto_for/Page_ToolsQA/button_Submit")): Object: 'Object Repository/Reto_for/Page_ToolsQA/button_Submit' is clicked on

2023-02-01 16:43:41 - [MESSAGE][PASSED] - Object: 'Object Repository/Reto_for/Page_ToolsQA/button_Submit' is clicked on

2023-02-01 16:43:41 - [TEST_STEP][PASSED] - delay(2): Delayed 2 second(s)

2023-02-01 16:43:43 - [MESSAGE][PASSED] - Delayed 2 second(s)

2023-02-01 16:43:43 - [TEST_STEP][PASSED] - z = ["Carlos", "Erika", "Paco", "Rodrigo", "Josefina"]: null

2023-02-01 16:43:43 - [TEST_STEP][PASSED] - rn = new java.util.Random(): null

2023-02-01 16:43:43 - [TEST_STEP][PASSED] - tx_nombre = z[rn.nextInt(size)]: null

2023-02-01 16:43:43 - [TEST_STEP][PASSED] - setText(findTestObject("Object Repository/Reto_for/Page_ToolsQA/input_Full Name_userName"), tx_nombre): Text 'Paco' is set on object 'Object Repository/Reto_for/Page_ToolsQA/input_Full Name_userName'

2023-02-01 16:43:44 - [MESSAGE][PASSED] - Text 'Paco' is set on object 'Object Repository/Reto_for/Page_ToolsQA/input_Full Name_userName'

2023-02-01 16:43:44 - [TEST_STEP][PASSED] - setText(findTestObject("Object Repository/Reto_for/Page_ToolsQA/input_Email_userEmail"), tx_nombre + "@gmail.com"): Text 'Paco@gmail.com' is set on object 'Object Repository/Reto_for/Page_ToolsQA/input_Email_userEmail'

2023-02-01 16:43:45 - [MESSAGE][PASSED] - Text 'Paco@gmail.com' is set on object 'Object Repository/Reto_for/Page_ToolsQA/input_Email_userEmail'

2023-02-01 16:43:45 - [TEST_STEP][PASSED] - setText(findTestObject("Object Repository/Reto_for/Page_ToolsQA/textarea_Current Address_currentAddress"), "Direccion" + x): Text 'Direccion3' is set on object 'Object Repository/Reto_for/Page_ToolsQA/textarea_Current Address_currentAddress'

2023-02-01 16:43:46 - [MESSAGE][PASSED] - Text 'Direccion3' is set on object 'Object Repository/Reto_for/Page_ToolsQA/textarea_Current Address_currentAddress'

2023-02-01 16:43:46 - [TEST_STEP][PASSED] - setText(findTestObject("Object Repository/Reto_for/Page_ToolsQA/textarea_Permanent Address_permanentAddress"), "Direccion" + x): Text 'Direccion3' is set on object 'Object Repository/Reto_for/Page_ToolsQA/textarea_Permanent Address_permanentAddress'

2023-02-01 16:43:47 - [MESSAGE][PASSED] - Text 'Direccion3' is set on object 'Object Repository/Reto_for/Page_ToolsQA/textarea_Permanent Address_permanentAddress'

2023-02-01 16:43:47 - [TEST_STEP][PASSED] - click(findTestObject("Object Repository/Reto_for/Page_ToolsQA/button_Submit")): Object: 'Object Repository/Reto_for/Page_ToolsQA/button_Submit' is clicked on

2023-02-01 16:43:48 - [MESSAGE][PASSED] - Object: 'Object Repository/Reto_for/Page_ToolsQA/button_Submit' is clicked on

2023-02-01 16:43:48 - [TEST_STEP][PASSED] - delay(2): Delayed 2 second(s)

2023-02-01 16:43:50 - [MESSAGE][PASSED] - Delayed 2 second(s)

2023-02-01 16:43:50 - [TEST_STEP][PASSED] - z = ["Carlos", "Erika", "Paco", "Rodrigo", "Josefina"]: null

2023-02-01 16:43:50 - [TEST_STEP][PASSED] - rn = new java.util.Random(): null

2023-02-01 16:43:50 - [TEST_STEP][PASSED] - tx_nombre = z[rn.nextInt(size)]: null

2023-02-01 16:43:50 - [TEST_STEP][PASSED] - setText(findTestObject("Object Repository/Reto_for/Page_ToolsQA/input_Full Name_userName"), tx_nombre): Text 'Paco' is set on object 'Object Repository/Reto_for/Page_ToolsQA/input_Full Name_userName'

2023-02-01 16:43:51 - [MESSAGE][PASSED] - Text 'Paco' is set on object 'Object Repository/Reto_for/Page_ToolsQA/input_Full Name_userName'

2023-02-01 16:43:51 - [TEST_STEP][PASSED] - setText(findTestObject("Object Repository/Reto_for/Page_ToolsQA/input_Email_userEmail"), tx_nombre + "@gmail.com"): Text 'Paco@gmail.com' is set on object 'Object Repository/Reto_for/Page_ToolsQA/input_Email_userEmail'

2023-02-01 16:43:52 - [MESSAGE][PASSED] - Text 'Paco@gmail.com' is set on object 'Object Repository/Reto_for/Page_ToolsQA/input_Email_userEmail'

2023-02-01 16:43:52 - [TEST_STEP][PASSED] - setText(findTestObject("Object Repository/Reto_for/Page_ToolsQA/textarea_Current Address_currentAddress"), "Direccion" + x): Text 'Direccion4' is set on object 'Object Repository/Reto_for/Page_ToolsQA/textarea_Current Address_currentAddress'

2023-02-01 16:43:53 - [MESSAGE][PASSED] - Text 'Direccion4' is set on object 'Object Repository/Reto_for/Page_ToolsQA/textarea_Current Address_currentAddress'

2023-02-01 16:43:53 - [TEST_STEP][PASSED] - setText(findTestObject("Object Repository/Reto_for/Page_ToolsQA/textarea_Permanent Address_permanentAddress"), "Direccion" + x): Text 'Direccion4' is set on object 'Object Repository/Reto_for/Page_ToolsQA/textarea_Permanent Address_permanentAddress'

2023-02-01 16:43:54 - [MESSAGE][PASSED] - Text 'Direccion4' is set on object 'Object Repository/Reto_for/Page_ToolsQA/textarea_Permanent Address_permanentAddress'

2023-02-01 16:43:54 - [TEST_STEP][PASSED] - click(findTestObject("Object Repository/Reto_for/Page_ToolsQA/button_Submit")): Object: 'Object Repository/Reto_for/Page_ToolsQA/button_Submit' is clicked on

2023-02-01 16:43:54 - [MESSAGE][PASSED] - Object: 'Object Repository/Reto_for/Page_ToolsQA/button_Submit' is clicked on

2023-02-01 16:43:54 - [TEST_STEP][PASSED] - delay(2): Delayed 2 second(s)

2023-02-01 16:43:56 - [MESSAGE][PASSED] - Delayed 2 second(s)

2023-02-01 16:43:56 - [TEST_STEP][PASSED] - z = ["Carlos", "Erika", "Paco", "Rodrigo", "Josefina"]: null

2023-02-01 16:43:56 - [TEST_STEP][PASSED] - rn = new java.util.Random(): null

2023-02-01 16:43:56 - [TEST_STEP][PASSED] - tx_nombre = z[rn.nextInt(size)]: null

2023-02-01 16:43:56 - [TEST_STEP][PASSED] - setText(findTestObject("Object Repository/Reto_for/Page_ToolsQA/input_Full Name_userName"), tx_nombre): Text 'Paco' is set on object 'Object Repository/Reto_for/Page_ToolsQA/input_Full Name_userName'

2023-02-01 16:43:57 - [MESSAGE][PASSED] - Text 'Paco' is set on object 'Object Repository/Reto_for/Page_ToolsQA/input_Full Name_userName'

2023-02-01 16:43:57 - [TEST_STEP][PASSED] - setText(findTestObject("Object Repository/Reto_for/Page_ToolsQA/input_Email_userEmail"), tx_nombre + "@gmail.com"): Text 'Paco@gmail.com' is set on object 'Object Repository/Reto_for/Page_ToolsQA/input_Email_userEmail'

2023-02-01 16:43:58 - [MESSAGE][PASSED] - Text 'Paco@gmail.com' is set on object 'Object Repository/Reto_for/Page_ToolsQA/input_Email_userEmail'

2023-02-01 16:43:58 - [TEST_STEP][PASSED] - setText(findTestObject("Object Repository/Reto_for/Page_ToolsQA/textarea_Current Address_currentAddress"), "Direccion" + x): Text 'Direccion5' is set on object 'Object Repository/Reto_for/Page_ToolsQA/textarea_Current Address_currentAddress'

2023-02-01 16:43:59 - [MESSAGE][PASSED] - Text 'Direccion5' is set on object 'Object Repository/Reto_for/Page_ToolsQA/textarea_Current Address_currentAddress'

2023-02-01 16:43:59 - [TEST_STEP][PASSED] - setText(findTestObject("Object Repository/Reto_for/Page_ToolsQA/textarea_Permanent Address_permanentAddress"), "Direccion" + x): Text 'Direccion5' is set on object 'Object Repository/Reto_for/Page_ToolsQA/textarea_Permanent Address_permanentAddress'

2023-02-01 16:44:00 - [MESSAGE][PASSED] - Text 'Direccion5' is set on object 'Object Repository/Reto_for/Page_ToolsQA/textarea_Permanent Address_permanentAddress'

2023-02-01 16:44:00 - [TEST_STEP][PASSED] - click(findTestObject("Object Repository/Reto_for/Page_ToolsQA/button_Submit")): Object: 'Object Repository/Reto_for/Page_ToolsQA/button_Submit' is clicked on

2023-02-01 16:44:00 - [MESSAGE][PASSED] - Object: 'Object Repository/Reto_for/Page_ToolsQA/button_Submit' is clicked on

2023-02-01 16:44:00 - [TEST_STEP][PASSED] - delay(2): Delayed 2 second(s)

2023-02-01 16:44:02 - [MESSAGE][PASSED] - Delayed 2 second(s)

2023-02-01 16:44:02 - [TEST_STEP][PASSED] - closeBrowser(): Browser is closed

2023-02-01 16:44:03 - [MESSAGE][PASSED] - Browser is closed]]></system-out>
         <system-err><![CDATA[]]></system-err>
      </testcase>
      <testcase name="Test Cases/bucles/Reto_while_solution" time="65.187" classname="Test Cases/bucles/Reto_while_solution" status="FAILED">
         <failure type="FAILED" message="Test Cases/bucles/Reto_while_solution FAILED.
Reason:
com.kms.katalon.core.exception.StepFailedException: Unable to get text of object 'Object Repository/reto_while/Page_Google/Resultado'
	at com.kms.katalon.core.webui.keyword.internal.WebUIKeywordMain.stepFailed(WebUIKeywordMain.groovy:64)
	at com.kms.katalon.core.webui.keyword.internal.WebUIKeywordMain.runKeyword(WebUIKeywordMain.groovy:26)
	at com.kms.katalon.core.webui.keyword.builtin.GetTextKeyword.getText(GetTextKeyword.groovy:88)
	at com.kms.katalon.core.webui.keyword.builtin.GetTextKeyword.execute(GetTextKeyword.groovy:67)
	at com.kms.katalon.core.keyword.internal.KeywordExecutor.executeKeywordForPlatform(KeywordExecutor.groovy:74)
	at com.kms.katalon.core.webui.keyword.WebUiBuiltInKeywords.getText(WebUiBuiltInKeywords.groovy:918)
	at com.kms.katalon.core.webui.keyword.WebUiBuiltInKeywords$getText$8.call(Unknown Source)
	at Reto_while_solution.run(Reto_while_solution:37)
	at com.kms.katalon.core.main.ScriptEngine.run(ScriptEngine.java:194)
	at com.kms.katalon.core.main.ScriptEngine.runScriptAsRawText(ScriptEngine.java:119)
	at com.kms.katalon.core.main.TestCaseExecutor.runScript(TestCaseExecutor.java:448)
	at com.kms.katalon.core.main.TestCaseExecutor.doExecute(TestCaseExecutor.java:439)
	at com.kms.katalon.core.main.TestCaseExecutor.processExecutionPhase(TestCaseExecutor.java:418)
	at com.kms.katalon.core.main.TestCaseExecutor.accessMainPhase(TestCaseExecutor.java:410)
	at com.kms.katalon.core.main.TestCaseExecutor.execute(TestCaseExecutor.java:285)
	at com.kms.katalon.core.common.CommonExecutor.accessTestCaseMainPhase(CommonExecutor.java:65)
	at com.kms.katalon.core.main.TestSuiteExecutor.accessTestSuiteMainPhase(TestSuiteExecutor.java:151)
	at com.kms.katalon.core.main.TestSuiteExecutor.execute(TestSuiteExecutor.java:106)
	at com.kms.katalon.core.main.TestCaseMain.startTestSuite(TestCaseMain.java:185)
	at com.kms.katalon.core.main.TestCaseMain$startTestSuite$0.call(Unknown Source)
	at TempTestSuite1675284176629.run(TempTestSuite1675284176629.groovy:36)
Caused by: com.kms.katalon.core.webui.exception.WebElementNotFoundException: Web element with id: 'Object Repository/reto_while/Page_Google/Resultado' located by '//*[@id=&quot;cwos&quot;]' not found
	at com.kms.katalon.core.webui.common.WebUiCommonHelper.findWebElement(WebUiCommonHelper.java:1370)
	at com.kms.katalon.core.webui.keyword.internal.WebUIAbstractKeyword.findWebElement(WebUIAbstractKeyword.groovy:27)
	at com.kms.katalon.core.webui.keyword.internal.WebUIAbstractKeyword.findWebElement(WebUIAbstractKeyword.groovy:26)
	at com.kms.katalon.core.webui.keyword.builtin.GetTextKeyword$_getText_closure1.doCall(GetTextKeyword.groovy:78)
	at com.kms.katalon.core.webui.keyword.builtin.GetTextKeyword$_getText_closure1.call(GetTextKeyword.groovy)
	at com.kms.katalon.core.webui.keyword.internal.WebUIKeywordMain.runKeyword(WebUIKeywordMain.groovy:20)
	... 19 more
"/>
         <system-out><![CDATA[2023-02-01 16:44:03 - [TEST_CASE][FAILED] - Test Cases/bucles/Reto_while_solution: Test Cases/bucles/Reto_while_solution FAILED.
Reason:
com.kms.katalon.core.exception.StepFailedException: Unable to get text of object 'Object Repository/reto_while/Page_Google/Resultado'
	at com.kms.katalon.core.webui.keyword.internal.WebUIKeywordMain.stepFailed(WebUIKeywordMain.groovy:64)
	at com.kms.katalon.core.webui.keyword.internal.WebUIKeywordMain.runKeyword(WebUIKeywordMain.groovy:26)
	at com.kms.katalon.core.webui.keyword.builtin.GetTextKeyword.getText(GetTextKeyword.groovy:88)
	at com.kms.katalon.core.webui.keyword.builtin.GetTextKeyword.execute(GetTextKeyword.groovy:67)
	at com.kms.katalon.core.keyword.internal.KeywordExecutor.executeKeywordForPlatform(KeywordExecutor.groovy:74)
	at com.kms.katalon.core.webui.keyword.WebUiBuiltInKeywords.getText(WebUiBuiltInKeywords.groovy:918)
	at com.kms.katalon.core.webui.keyword.WebUiBuiltInKeywords$getText$8.call(Unknown Source)
	at Reto_while_solution.run(Reto_while_solution:37)
	at com.kms.katalon.core.main.ScriptEngine.run(ScriptEngine.java:194)
	at com.kms.katalon.core.main.ScriptEngine.runScriptAsRawText(ScriptEngine.java:119)
	at com.kms.katalon.core.main.TestCaseExecutor.runScript(TestCaseExecutor.java:448)
	at com.kms.katalon.core.main.TestCaseExecutor.doExecute(TestCaseExecutor.java:439)
	at com.kms.katalon.core.main.TestCaseExecutor.processExecutionPhase(TestCaseExecutor.java:418)
	at com.kms.katalon.core.main.TestCaseExecutor.accessMainPhase(TestCaseExecutor.java:410)
	at com.kms.katalon.core.main.TestCaseExecutor.execute(TestCaseExecutor.java:285)
	at com.kms.katalon.core.common.CommonExecutor.accessTestCaseMainPhase(CommonExecutor.java:65)
	at com.kms.katalon.core.main.TestSuiteExecutor.accessTestSuiteMainPhase(TestSuiteExecutor.java:151)
	at com.kms.katalon.core.main.TestSuiteExecutor.execute(TestSuiteExecutor.java:106)
	at com.kms.katalon.core.main.TestCaseMain.startTestSuite(TestCaseMain.java:185)
	at com.kms.katalon.core.main.TestCaseMain$startTestSuite$0.call(Unknown Source)
	at TempTestSuite1675284176629.run(TempTestSuite1675284176629.groovy:36)
Caused by: com.kms.katalon.core.webui.exception.WebElementNotFoundException: Web element with id: 'Object Repository/reto_while/Page_Google/Resultado' located by '//*[@id="cwos"]' not found
	at com.kms.katalon.core.webui.common.WebUiCommonHelper.findWebElement(WebUiCommonHelper.java:1370)
	at com.kms.katalon.core.webui.keyword.internal.WebUIAbstractKeyword.findWebElement(WebUIAbstractKeyword.groovy:27)
	at com.kms.katalon.core.webui.keyword.internal.WebUIAbstractKeyword.findWebElement(WebUIAbstractKeyword.groovy:26)
	at com.kms.katalon.core.webui.keyword.builtin.GetTextKeyword$_getText_closure1.doCall(GetTextKeyword.groovy:78)
	at com.kms.katalon.core.webui.keyword.builtin.GetTextKeyword$_getText_closure1.call(GetTextKeyword.groovy)
	at com.kms.katalon.core.webui.keyword.internal.WebUIKeywordMain.runKeyword(WebUIKeywordMain.groovy:20)
	... 19 more


2023-02-01 16:44:03 - [TEST_STEP][PASSED] - openBrowser(""): Browser is opened with url: ''

2023-02-01 16:44:03 - [MESSAGE][INFO] - Starting 'Chrome' driver

2023-02-01 16:44:03 - [MESSAGE][INFO] - Action delay is set to 0 milliseconds

2023-02-01 16:44:07 - [MESSAGE][PASSED] - Browser is opened with url: ''

2023-02-01 16:44:07 - [TEST_STEP][PASSED] - maximizeWindow(): Current window maximized

2023-02-01 16:44:07 - [MESSAGE][PASSED] - Current window maximized

2023-02-01 16:44:07 - [TEST_STEP][PASSED] - navigateToUrl("https://www.google.com.do/?gws_rd=ssl"): Navigate to 'https://www.google.com.do/?gws_rd=ssl' successfully

2023-02-01 16:44:08 - [MESSAGE][PASSED] - Navigate to 'https://www.google.com.do/?gws_rd=ssl' successfully

2023-02-01 16:44:08 - [TEST_STEP][PASSED] - waitForPageLoad(0): Wait for page load successfully

2023-02-01 16:44:08 - [MESSAGE][WARNING] - Timeout '0' is invalid. Using default page load timeout: '30'

2023-02-01 16:44:08 - [MESSAGE][PASSED] - Wait for page load successfully

2023-02-01 16:44:08 - [TEST_STEP][PASSED] - res = 0: null

2023-02-01 16:44:08 - [TEST_STEP][FAILED] - while (res != 8): Unable to get text of object 'Object Repository/reto_while/Page_Google/Resultado' (Root cause: com.kms.katalon.core.exception.StepFailedException: Unable to get text of object 'Object Repository/reto_while/Page_Google/Resultado'
	at com.kms.katalon.core.webui.keyword.internal.WebUIKeywordMain.stepFailed(WebUIKeywordMain.groovy:64)
	at com.kms.katalon.core.webui.keyword.internal.WebUIKeywordMain.runKeyword(WebUIKeywordMain.groovy:26)
	at com.kms.katalon.core.webui.keyword.builtin.GetTextKeyword.getText(GetTextKeyword.groovy:88)
	at com.kms.katalon.core.webui.keyword.builtin.GetTextKeyword.execute(GetTextKeyword.groovy:67)
	at com.kms.katalon.core.keyword.internal.KeywordExecutor.executeKeywordForPlatform(KeywordExecutor.groovy:74)
	at com.kms.katalon.core.webui.keyword.WebUiBuiltInKeywords.getText(WebUiBuiltInKeywords.groovy:918)
	at com.kms.katalon.core.webui.keyword.WebUiBuiltInKeywords$getText$8.call(Unknown Source)
	at Reto_while_solution.run(Reto_while_solution:37)
	at com.kms.katalon.core.main.ScriptEngine.run(ScriptEngine.java:194)
	at com.kms.katalon.core.main.ScriptEngine.runScriptAsRawText(ScriptEngine.java:119)
	at com.kms.katalon.core.main.TestCaseExecutor.runScript(TestCaseExecutor.java:448)
	at com.kms.katalon.core.main.TestCaseExecutor.doExecute(TestCaseExecutor.java:439)
	at com.kms.katalon.core.main.TestCaseExecutor.processExecutionPhase(TestCaseExecutor.java:418)
	at com.kms.katalon.core.main.TestCaseExecutor.accessMainPhase(TestCaseExecutor.java:410)
	at com.kms.katalon.core.main.TestCaseExecutor.execute(TestCaseExecutor.java:285)
	at com.kms.katalon.core.common.CommonExecutor.accessTestCaseMainPhase(CommonExecutor.java:65)
	at com.kms.katalon.core.main.TestSuiteExecutor.accessTestSuiteMainPhase(TestSuiteExecutor.java:151)
	at com.kms.katalon.core.main.TestSuiteExecutor.execute(TestSuiteExecutor.java:106)
	at com.kms.katalon.core.main.TestCaseMain.startTestSuite(TestCaseMain.java:185)
	at com.kms.katalon.core.main.TestCaseMain$startTestSuite$0.call(Unknown Source)
	at TempTestSuite1675284176629.run(TempTestSuite1675284176629.groovy:36)
Caused by: com.kms.katalon.core.webui.exception.WebElementNotFoundException: Web element with id: 'Object Repository/reto_while/Page_Google/Resultado' located by '//*[@id="cwos"]' not found
	at com.kms.katalon.core.webui.common.WebUiCommonHelper.findWebElement(WebUiCommonHelper.java:1370)
	at com.kms.katalon.core.webui.keyword.internal.WebUIAbstractKeyword.findWebElement(WebUIAbstractKeyword.groovy:27)
	at com.kms.katalon.core.webui.keyword.internal.WebUIAbstractKeyword.findWebElement(WebUIAbstractKeyword.groovy:26)
	at com.kms.katalon.core.webui.keyword.builtin.GetTextKeyword$_getText_closure1.doCall(GetTextKeyword.groovy:78)
	at com.kms.katalon.core.webui.keyword.builtin.GetTextKeyword$_getText_closure1.call(GetTextKeyword.groovy)
	at com.kms.katalon.core.webui.keyword.internal.WebUIKeywordMain.runKeyword(WebUIKeywordMain.groovy:20)
	at com.kms.katalon.core.webui.keyword.builtin.GetTextKeyword.getText(GetTextKeyword.groovy:88)
	at com.kms.katalon.core.webui.keyword.builtin.GetTextKeyword.execute(GetTextKeyword.groovy:67)
	at com.kms.katalon.core.keyword.internal.KeywordExecutor.executeKeywordForPlatform(KeywordExecutor.groovy:74)
	at com.kms.katalon.core.webui.keyword.WebUiBuiltInKeywords.getText(WebUiBuiltInKeywords.groovy:918)
	at com.kms.katalon.core.webui.keyword.WebUiBuiltInKeywords$getText$8.call(Unknown Source)
	at Script1673983667079.run(Script1673983667079.groovy:37)
	... 13 more
)

2023-02-01 16:44:08 - [TEST_STEP][PASSED] - num = Math.random() * 5: null

2023-02-01 16:44:08 - [TEST_STEP][PASSED] - setText(findTestObject("Object Repository/reto_while/Page_Google/input__q"), "5+" + num): Text '5+2' is set on object 'Object Repository/reto_while/Page_Google/input__q'

2023-02-01 16:44:09 - [MESSAGE][PASSED] - Text '5+2' is set on object 'Object Repository/reto_while/Page_Google/input__q'

2023-02-01 16:44:09 - [TEST_STEP][PASSED] - sendKeys(findTestObject("Object Repository/reto_while/Page_Google/input__q"), Keys.chord(ENTER)): Keys 'ENTER + ' sent to object: 'Object Repository/reto_while/Page_Google/input__q'

2023-02-01 16:44:18 - [MESSAGE][PASSED] - Keys 'ENTER + ' sent to object: 'Object Repository/reto_while/Page_Google/input__q'

2023-02-01 16:44:18 - [TEST_STEP][PASSED] - res = getText(findTestObject("reto_while/Page_Google/Resultado")).toInteger(): Text of object 'Object Repository/reto_while/Page_Google/Resultado' is: '7'

2023-02-01 16:44:18 - [MESSAGE][PASSED] - Text of object 'Object Repository/reto_while/Page_Google/Resultado' is: '7'

2023-02-01 16:44:18 - [TEST_STEP][PASSED] - print(res): null

2023-02-01 16:44:18 - [TEST_STEP][PASSED] - num = Math.random() * 5: null

2023-02-01 16:44:18 - [TEST_STEP][PASSED] - setText(findTestObject("Object Repository/reto_while/Page_Google/input__q"), "5+" + num): Text '5+2' is set on object 'Object Repository/reto_while/Page_Google/input__q'

2023-02-01 16:44:19 - [MESSAGE][PASSED] - Text '5+2' is set on object 'Object Repository/reto_while/Page_Google/input__q'

2023-02-01 16:44:19 - [TEST_STEP][PASSED] - sendKeys(findTestObject("Object Repository/reto_while/Page_Google/input__q"), Keys.chord(ENTER)): Keys 'ENTER + ' sent to object: 'Object Repository/reto_while/Page_Google/input__q'

2023-02-01 16:44:23 - [MESSAGE][PASSED] - Keys 'ENTER + ' sent to object: 'Object Repository/reto_while/Page_Google/input__q'

2023-02-01 16:44:23 - [TEST_STEP][PASSED] - res = getText(findTestObject("reto_while/Page_Google/Resultado")).toInteger(): Text of object 'Object Repository/reto_while/Page_Google/Resultado' is: '7'

2023-02-01 16:44:23 - [MESSAGE][PASSED] - Text of object 'Object Repository/reto_while/Page_Google/Resultado' is: '7'

2023-02-01 16:44:23 - [TEST_STEP][PASSED] - print(res): null

2023-02-01 16:44:23 - [TEST_STEP][PASSED] - num = Math.random() * 5: null

2023-02-01 16:44:23 - [TEST_STEP][PASSED] - setText(findTestObject("Object Repository/reto_while/Page_Google/input__q"), "5+" + num): Text '5+2' is set on object 'Object Repository/reto_while/Page_Google/input__q'

2023-02-01 16:44:24 - [MESSAGE][PASSED] - Text '5+2' is set on object 'Object Repository/reto_while/Page_Google/input__q'

2023-02-01 16:44:24 - [TEST_STEP][PASSED] - sendKeys(findTestObject("Object Repository/reto_while/Page_Google/input__q"), Keys.chord(ENTER)): Keys 'ENTER + ' sent to object: 'Object Repository/reto_while/Page_Google/input__q'

2023-02-01 16:44:28 - [MESSAGE][PASSED] - Keys 'ENTER + ' sent to object: 'Object Repository/reto_while/Page_Google/input__q'

2023-02-01 16:44:28 - [TEST_STEP][PASSED] - res = getText(findTestObject("reto_while/Page_Google/Resultado")).toInteger(): Text of object 'Object Repository/reto_while/Page_Google/Resultado' is: '7'

2023-02-01 16:44:29 - [MESSAGE][PASSED] - Text of object 'Object Repository/reto_while/Page_Google/Resultado' is: '7'

2023-02-01 16:44:29 - [TEST_STEP][PASSED] - print(res): null

2023-02-01 16:44:29 - [TEST_STEP][PASSED] - num = Math.random() * 5: null

2023-02-01 16:44:29 - [TEST_STEP][PASSED] - setText(findTestObject("Object Repository/reto_while/Page_Google/input__q"), "5+" + num): Text '5+1' is set on object 'Object Repository/reto_while/Page_Google/input__q'

2023-02-01 16:44:30 - [MESSAGE][PASSED] - Text '5+1' is set on object 'Object Repository/reto_while/Page_Google/input__q'

2023-02-01 16:44:30 - [TEST_STEP][PASSED] - sendKeys(findTestObject("Object Repository/reto_while/Page_Google/input__q"), Keys.chord(ENTER)): Keys 'ENTER + ' sent to object: 'Object Repository/reto_while/Page_Google/input__q'

2023-02-01 16:44:33 - [MESSAGE][PASSED] - Keys 'ENTER + ' sent to object: 'Object Repository/reto_while/Page_Google/input__q'

2023-02-01 16:44:33 - [TEST_STEP][FAILED] - res = getText(findTestObject("reto_while/Page_Google/Resultado")).toInteger(): Unable to get text of object 'Object Repository/reto_while/Page_Google/Resultado' (Root cause: com.kms.katalon.core.exception.StepFailedException: Unable to get text of object 'Object Repository/reto_while/Page_Google/Resultado'
	at com.kms.katalon.core.webui.keyword.internal.WebUIKeywordMain.stepFailed(WebUIKeywordMain.groovy:64)
	at com.kms.katalon.core.webui.keyword.internal.WebUIKeywordMain.runKeyword(WebUIKeywordMain.groovy:26)
	at com.kms.katalon.core.webui.keyword.builtin.GetTextKeyword.getText(GetTextKeyword.groovy:88)
	at com.kms.katalon.core.webui.keyword.builtin.GetTextKeyword.execute(GetTextKeyword.groovy:67)
	at com.kms.katalon.core.keyword.internal.KeywordExecutor.executeKeywordForPlatform(KeywordExecutor.groovy:74)
	at com.kms.katalon.core.webui.keyword.WebUiBuiltInKeywords.getText(WebUiBuiltInKeywords.groovy:918)
	at com.kms.katalon.core.webui.keyword.WebUiBuiltInKeywords$getText$8.call(Unknown Source)
	at Reto_while_solution.run(Reto_while_solution:37)
	at com.kms.katalon.core.main.ScriptEngine.run(ScriptEngine.java:194)
	at com.kms.katalon.core.main.ScriptEngine.runScriptAsRawText(ScriptEngine.java:119)
	at com.kms.katalon.core.main.TestCaseExecutor.runScript(TestCaseExecutor.java:448)
	at com.kms.katalon.core.main.TestCaseExecutor.doExecute(TestCaseExecutor.java:439)
	at com.kms.katalon.core.main.TestCaseExecutor.processExecutionPhase(TestCaseExecutor.java:418)
	at com.kms.katalon.core.main.TestCaseExecutor.accessMainPhase(TestCaseExecutor.java:410)
	at com.kms.katalon.core.main.TestCaseExecutor.execute(TestCaseExecutor.java:285)
	at com.kms.katalon.core.common.CommonExecutor.accessTestCaseMainPhase(CommonExecutor.java:65)
	at com.kms.katalon.core.main.TestSuiteExecutor.accessTestSuiteMainPhase(TestSuiteExecutor.java:151)
	at com.kms.katalon.core.main.TestSuiteExecutor.execute(TestSuiteExecutor.java:106)
	at com.kms.katalon.core.main.TestCaseMain.startTestSuite(TestCaseMain.java:185)
	at com.kms.katalon.core.main.TestCaseMain$startTestSuite$0.call(Unknown Source)
	at TempTestSuite1675284176629.run(TempTestSuite1675284176629.groovy:36)
Caused by: com.kms.katalon.core.webui.exception.WebElementNotFoundException: Web element with id: 'Object Repository/reto_while/Page_Google/Resultado' located by '//*[@id="cwos"]' not found
	at com.kms.katalon.core.webui.common.WebUiCommonHelper.findWebElement(WebUiCommonHelper.java:1370)
	at com.kms.katalon.core.webui.keyword.internal.WebUIAbstractKeyword.findWebElement(WebUIAbstractKeyword.groovy:27)
	at com.kms.katalon.core.webui.keyword.internal.WebUIAbstractKeyword.findWebElement(WebUIAbstractKeyword.groovy:26)
	at com.kms.katalon.core.webui.keyword.builtin.GetTextKeyword$_getText_closure1.doCall(GetTextKeyword.groovy:78)
	at com.kms.katalon.core.webui.keyword.builtin.GetTextKeyword$_getText_closure1.call(GetTextKeyword.groovy)
	at com.kms.katalon.core.webui.keyword.internal.WebUIKeywordMain.runKeyword(WebUIKeywordMain.groovy:20)
	at com.kms.katalon.core.webui.keyword.builtin.GetTextKeyword.getText(GetTextKeyword.groovy:88)
	at com.kms.katalon.core.webui.keyword.builtin.GetTextKeyword.execute(GetTextKeyword.groovy:67)
	at com.kms.katalon.core.keyword.internal.KeywordExecutor.executeKeywordForPlatform(KeywordExecutor.groovy:74)
	at com.kms.katalon.core.webui.keyword.WebUiBuiltInKeywords.getText(WebUiBuiltInKeywords.groovy:918)
	at com.kms.katalon.core.webui.keyword.WebUiBuiltInKeywords$getText$8.call(Unknown Source)
	at Script1673983667079.run(Script1673983667079.groovy:37)
	... 13 more
)

2023-02-01 16:45:05 - [MESSAGE][INFO] - Unable to find the element located by 'By.xpath: //*[@id="cwos"]'. Please recheck the objects properties to make sure the desired element is located. 

2023-02-01 16:45:05 - [MESSAGE][WARNING] - [SELF-HEALING] Failed to find element with id 'Object Repository/reto_while/Page_Google/Resultado'. Try using Self-healing.

2023-02-01 16:45:06 - [MESSAGE][INFO] - [SELF-HEALING] No working XPath is found.

2023-02-01 16:45:07 - [MESSAGE][INFO] - Unable to find the element located by 'By.xpath: '. Please recheck the objects properties to make sure the desired element is located. 

2023-02-01 16:45:07 - [MESSAGE][WARNING] - [SELF-HEALING] Cannot find elements when the selector is null

2023-02-01 16:45:08 - [MESSAGE][FAILED] - Unable to get text of object 'Object Repository/reto_while/Page_Google/Resultado' (Root cause: com.kms.katalon.core.exception.StepFailedException: Unable to get text of object 'Object Repository/reto_while/Page_Google/Resultado'
	at com.kms.katalon.core.webui.keyword.internal.WebUIKeywordMain.stepFailed(WebUIKeywordMain.groovy:64)
	at com.kms.katalon.core.webui.keyword.internal.WebUIKeywordMain.runKeyword(WebUIKeywordMain.groovy:26)
	at com.kms.katalon.core.webui.keyword.builtin.GetTextKeyword.getText(GetTextKeyword.groovy:88)
	at com.kms.katalon.core.webui.keyword.builtin.GetTextKeyword.execute(GetTextKeyword.groovy:67)
	at com.kms.katalon.core.keyword.internal.KeywordExecutor.executeKeywordForPlatform(KeywordExecutor.groovy:74)
	at com.kms.katalon.core.webui.keyword.WebUiBuiltInKeywords.getText(WebUiBuiltInKeywords.groovy:918)
	at com.kms.katalon.core.webui.keyword.WebUiBuiltInKeywords$getText$8.call(Unknown Source)
	at Reto_while_solution.run(Reto_while_solution:37)
	at com.kms.katalon.core.main.ScriptEngine.run(ScriptEngine.java:194)
	at com.kms.katalon.core.main.ScriptEngine.runScriptAsRawText(ScriptEngine.java:119)
	at com.kms.katalon.core.main.TestCaseExecutor.runScript(TestCaseExecutor.java:448)
	at com.kms.katalon.core.main.TestCaseExecutor.doExecute(TestCaseExecutor.java:439)
	at com.kms.katalon.core.main.TestCaseExecutor.processExecutionPhase(TestCaseExecutor.java:418)
	at com.kms.katalon.core.main.TestCaseExecutor.accessMainPhase(TestCaseExecutor.java:410)
	at com.kms.katalon.core.main.TestCaseExecutor.execute(TestCaseExecutor.java:285)
	at com.kms.katalon.core.common.CommonExecutor.accessTestCaseMainPhase(CommonExecutor.java:65)
	at com.kms.katalon.core.main.TestSuiteExecutor.accessTestSuiteMainPhase(TestSuiteExecutor.java:151)
	at com.kms.katalon.core.main.TestSuiteExecutor.execute(TestSuiteExecutor.java:106)
	at com.kms.katalon.core.main.TestCaseMain.startTestSuite(TestCaseMain.java:185)
	at com.kms.katalon.core.main.TestCaseMain$startTestSuite$0.call(Unknown Source)
	at TempTestSuite1675284176629.run(TempTestSuite1675284176629.groovy:36)
Caused by: com.kms.katalon.core.webui.exception.WebElementNotFoundException: Web element with id: 'Object Repository/reto_while/Page_Google/Resultado' located by '//*[@id="cwos"]' not found
	at com.kms.katalon.core.webui.common.WebUiCommonHelper.findWebElement(WebUiCommonHelper.java:1370)
	at com.kms.katalon.core.webui.keyword.internal.WebUIAbstractKeyword.findWebElement(WebUIAbstractKeyword.groovy:27)
	at com.kms.katalon.core.webui.keyword.internal.WebUIAbstractKeyword.findWebElement(WebUIAbstractKeyword.groovy:26)
	at com.kms.katalon.core.webui.keyword.builtin.GetTextKeyword$_getText_closure1.doCall(GetTextKeyword.groovy:78)
	at com.kms.katalon.core.webui.keyword.builtin.GetTextKeyword$_getText_closure1.call(GetTextKeyword.groovy)
	at com.kms.katalon.core.webui.keyword.internal.WebUIKeywordMain.runKeyword(WebUIKeywordMain.groovy:20)
	at com.kms.katalon.core.webui.keyword.builtin.GetTextKeyword.getText(GetTextKeyword.groovy:88)
	at com.kms.katalon.core.webui.keyword.builtin.GetTextKeyword.execute(GetTextKeyword.groovy:67)
	at com.kms.katalon.core.keyword.internal.KeywordExecutor.executeKeywordForPlatform(KeywordExecutor.groovy:74)
	at com.kms.katalon.core.webui.keyword.WebUiBuiltInKeywords.getText(WebUiBuiltInKeywords.groovy:918)
	at com.kms.katalon.core.webui.keyword.WebUiBuiltInKeywords$getText$8.call(Unknown Source)
	at Script1673983667079.run(Script1673983667079.groovy:37)
	... 13 more
)
[[ATTACHMENT|/Users/gabrielcrooke/Katalon Studio/KatalonProject/Reports/20230201_164237/Integration_tests/20230201_164256/1675284307836.png]]]]></system-out>
         <system-err><![CDATA[2023-02-01 16:44:03 - [TEST_CASE][FAILED] - Test Cases/bucles/Reto_while_solution: Test Cases/bucles/Reto_while_solution FAILED.
Reason:
com.kms.katalon.core.exception.StepFailedException: Unable to get text of object 'Object Repository/reto_while/Page_Google/Resultado'
	at com.kms.katalon.core.webui.keyword.internal.WebUIKeywordMain.stepFailed(WebUIKeywordMain.groovy:64)
	at com.kms.katalon.core.webui.keyword.internal.WebUIKeywordMain.runKeyword(WebUIKeywordMain.groovy:26)
	at com.kms.katalon.core.webui.keyword.builtin.GetTextKeyword.getText(GetTextKeyword.groovy:88)
	at com.kms.katalon.core.webui.keyword.builtin.GetTextKeyword.execute(GetTextKeyword.groovy:67)
	at com.kms.katalon.core.keyword.internal.KeywordExecutor.executeKeywordForPlatform(KeywordExecutor.groovy:74)
	at com.kms.katalon.core.webui.keyword.WebUiBuiltInKeywords.getText(WebUiBuiltInKeywords.groovy:918)
	at com.kms.katalon.core.webui.keyword.WebUiBuiltInKeywords$getText$8.call(Unknown Source)
	at Reto_while_solution.run(Reto_while_solution:37)
	at com.kms.katalon.core.main.ScriptEngine.run(ScriptEngine.java:194)
	at com.kms.katalon.core.main.ScriptEngine.runScriptAsRawText(ScriptEngine.java:119)
	at com.kms.katalon.core.main.TestCaseExecutor.runScript(TestCaseExecutor.java:448)
	at com.kms.katalon.core.main.TestCaseExecutor.doExecute(TestCaseExecutor.java:439)
	at com.kms.katalon.core.main.TestCaseExecutor.processExecutionPhase(TestCaseExecutor.java:418)
	at com.kms.katalon.core.main.TestCaseExecutor.accessMainPhase(TestCaseExecutor.java:410)
	at com.kms.katalon.core.main.TestCaseExecutor.execute(TestCaseExecutor.java:285)
	at com.kms.katalon.core.common.CommonExecutor.accessTestCaseMainPhase(CommonExecutor.java:65)
	at com.kms.katalon.core.main.TestSuiteExecutor.accessTestSuiteMainPhase(TestSuiteExecutor.java:151)
	at com.kms.katalon.core.main.TestSuiteExecutor.execute(TestSuiteExecutor.java:106)
	at com.kms.katalon.core.main.TestCaseMain.startTestSuite(TestCaseMain.java:185)
	at com.kms.katalon.core.main.TestCaseMain$startTestSuite$0.call(Unknown Source)
	at TempTestSuite1675284176629.run(TempTestSuite1675284176629.groovy:36)
Caused by: com.kms.katalon.core.webui.exception.WebElementNotFoundException: Web element with id: 'Object Repository/reto_while/Page_Google/Resultado' located by '//*[@id="cwos"]' not found
	at com.kms.katalon.core.webui.common.WebUiCommonHelper.findWebElement(WebUiCommonHelper.java:1370)
	at com.kms.katalon.core.webui.keyword.internal.WebUIAbstractKeyword.findWebElement(WebUIAbstractKeyword.groovy:27)
	at com.kms.katalon.core.webui.keyword.internal.WebUIAbstractKeyword.findWebElement(WebUIAbstractKeyword.groovy:26)
	at com.kms.katalon.core.webui.keyword.builtin.GetTextKeyword$_getText_closure1.doCall(GetTextKeyword.groovy:78)
	at com.kms.katalon.core.webui.keyword.builtin.GetTextKeyword$_getText_closure1.call(GetTextKeyword.groovy)
	at com.kms.katalon.core.webui.keyword.internal.WebUIKeywordMain.runKeyword(WebUIKeywordMain.groovy:20)
	... 19 more]]></system-err>
      </testcase>
      <testcase name="Test Cases/Reto_select/Reto_select" time="30.457" classname="Test Cases/Reto_select/Reto_select" status="PASSED">
         <system-out><![CDATA[2023-02-01 16:45:08 - [TEST_CASE][PASSED] - Test Cases/Reto_select/Reto_select: Test Cases/Reto_select/Reto_select

2023-02-01 16:45:08 - [TEST_STEP][PASSED] - openBrowser(""): Browser is opened with url: ''

2023-02-01 16:45:09 - [MESSAGE][WARNING] - A browser is already opened. Closing browser and opening a new one

2023-02-01 16:45:09 - [MESSAGE][INFO] - Starting 'Chrome' driver

2023-02-01 16:45:09 - [MESSAGE][INFO] - Action delay is set to 0 milliseconds

2023-02-01 16:45:13 - [MESSAGE][PASSED] - Browser is opened with url: ''

2023-02-01 16:45:13 - [TEST_STEP][PASSED] - navigateToUrl("https://testsheepnz.github.io/BasicCalculator.html"): Navigate to 'https://testsheepnz.github.io/BasicCalculator.html' successfully

2023-02-01 16:45:14 - [MESSAGE][PASSED] - Navigate to 'https://testsheepnz.github.io/BasicCalculator.html' successfully

2023-02-01 16:45:14 - [TEST_STEP][PASSED] - maximizeWindow(): Current window maximized

2023-02-01 16:45:15 - [MESSAGE][PASSED] - Current window maximized

2023-02-01 16:45:15 - [TEST_STEP][PASSED] - scrollToElement(findTestObject("Reto_select/Page_Basic Calculator/select_Prototype"), 0): Scroll to object 'Object Repository/Reto_select/Page_Basic Calculator/select_Prototype' successfully

2023-02-01 16:45:15 - [MESSAGE][WARNING] - Timeout '0' is invalid. Using default page load timeout: '30'

2023-02-01 16:45:15 - [MESSAGE][PASSED] - Scroll to object 'Object Repository/Reto_select/Page_Basic Calculator/select_Prototype' successfully

2023-02-01 16:45:15 - [TEST_STEP][PASSED] - selectOptionByValue(findTestObject("Reto_select/Page_Basic Calculator/select_Prototype"), "6", false): All options with value '6' are selected in object 'Object Repository/Reto_select/Page_Basic Calculator/select_Prototype' 

2023-02-01 16:45:16 - [MESSAGE][PASSED] - All options with value '6' are selected in object 'Object Repository/Reto_select/Page_Basic Calculator/select_Prototype' 

2023-02-01 16:45:16 - [TEST_STEP][PASSED] - delay(Tiempo): Delayed 1 second(s)

2023-02-01 16:45:17 - [MESSAGE][PASSED] - Delayed 1 second(s)

2023-02-01 16:45:17 - [TEST_STEP][PASSED] - setText(findTestObject("Reto_select/Page_Basic Calculator/input_First number_number1"), "10"): Text '10' is set on object 'Object Repository/Reto_select/Page_Basic Calculator/input_First number_number1'

2023-02-01 16:45:19 - [MESSAGE][PASSED] - Text '10' is set on object 'Object Repository/Reto_select/Page_Basic Calculator/input_First number_number1'

2023-02-01 16:45:19 - [TEST_STEP][PASSED] - delay(Tiempo): Delayed 1 second(s)

2023-02-01 16:45:20 - [MESSAGE][PASSED] - Delayed 1 second(s)

2023-02-01 16:45:20 - [TEST_STEP][PASSED] - setText(findTestObject("Reto_select/Page_Basic Calculator/input_Second number_number2"), "2"): Text '2' is set on object 'Object Repository/Reto_select/Page_Basic Calculator/input_Second number_number2'

2023-02-01 16:45:21 - [MESSAGE][PASSED] - Text '2' is set on object 'Object Repository/Reto_select/Page_Basic Calculator/input_Second number_number2'

2023-02-01 16:45:21 - [TEST_STEP][PASSED] - delay(Tiempo): Delayed 1 second(s)

2023-02-01 16:45:22 - [MESSAGE][PASSED] - Delayed 1 second(s)

2023-02-01 16:45:22 - [TEST_STEP][PASSED] - selectOptionByLabel(findTestObject("Reto_select/Page_Basic Calculator/select_Add"), "Divide", false): All options with label 'Divide' are selected in object 'Object Repository/Reto_select/Page_Basic Calculator/select_Add' 

2023-02-01 16:45:23 - [MESSAGE][PASSED] - All options with label 'Divide' are selected in object 'Object Repository/Reto_select/Page_Basic Calculator/select_Add' 

2023-02-01 16:45:23 - [TEST_STEP][PASSED] - delay(Tiempo): Delayed 1 second(s)

2023-02-01 16:45:24 - [MESSAGE][PASSED] - Delayed 1 second(s)

2023-02-01 16:45:24 - [TEST_STEP][PASSED] - click(findTestObject("Reto_select/Page_Basic Calculator/input_Operation_calculateButton")): Object: 'Object Repository/Reto_select/Page_Basic Calculator/input_Operation_calculateButton' is clicked on

2023-02-01 16:45:25 - [MESSAGE][PASSED] - Object: 'Object Repository/Reto_select/Page_Basic Calculator/input_Operation_calculateButton' is clicked on

2023-02-01 16:45:25 - [TEST_STEP][PASSED] - delay(10): Delayed 10 second(s)

2023-02-01 16:45:35 - [MESSAGE][PASSED] - Delayed 10 second(s)

2023-02-01 16:45:35 - [TEST_STEP][PASSED] - check(findTestObject("Reto_select/Page_Basic Calculator/input_Integers only_intSelection"), STOP_ON_FAILURE): Object 'Object Repository/Reto_select/Page_Basic Calculator/input_Integers only_intSelection' is checked

2023-02-01 16:45:35 - [MESSAGE][PASSED] - Object 'Object Repository/Reto_select/Page_Basic Calculator/input_Integers only_intSelection' is checked

2023-02-01 16:45:35 - [TEST_STEP][PASSED] - delay(Tiempo): Delayed 1 second(s)

2023-02-01 16:45:37 - [MESSAGE][PASSED] - Delayed 1 second(s)

2023-02-01 16:45:37 - [TEST_STEP][PASSED] - click(findTestObject("Reto_select/Page_Basic Calculator/input_Integers only_clearButton")): Object: 'Object Repository/Reto_select/Page_Basic Calculator/input_Integers only_clearButton' is clicked on

2023-02-01 16:45:37 - [MESSAGE][PASSED] - Object: 'Object Repository/Reto_select/Page_Basic Calculator/input_Integers only_clearButton' is clicked on

2023-02-01 16:45:37 - [TEST_STEP][PASSED] - delay(Tiempo): Delayed 1 second(s)

2023-02-01 16:45:38 - [MESSAGE][PASSED] - Delayed 1 second(s)

2023-02-01 16:45:38 - [TEST_STEP][PASSED] - closeBrowser(): Browser is closed

2023-02-01 16:45:39 - [MESSAGE][PASSED] - Browser is closed]]></system-out>
         <system-err><![CDATA[]]></system-err>
      </testcase>
      <testcase name="Test Cases/Select/Select" time="17.449" classname="Test Cases/Select/Select" status="PASSED">
         <system-out><![CDATA[2023-02-01 16:45:39 - [TEST_CASE][PASSED] - Test Cases/Select/Select: Test Cases/Select/Select

2023-02-01 16:45:39 - [TEST_STEP][PASSED] - openBrowser(""): Browser is opened with url: ''

2023-02-01 16:45:39 - [MESSAGE][INFO] - Starting 'Chrome' driver

2023-02-01 16:45:39 - [MESSAGE][INFO] - Action delay is set to 0 milliseconds

2023-02-01 16:45:43 - [MESSAGE][PASSED] - Browser is opened with url: ''

2023-02-01 16:45:43 - [TEST_STEP][PASSED] - navigateToUrl("https://testingqarvn.com.es/combobox/"): Navigate to 'https://testingqarvn.com.es/combobox/' successfully

2023-02-01 16:45:45 - [MESSAGE][PASSED] - Navigate to 'https://testingqarvn.com.es/combobox/' successfully

2023-02-01 16:45:45 - [TEST_STEP][PASSED] - maximizeWindow(): Current window maximized

2023-02-01 16:45:46 - [MESSAGE][PASSED] - Current window maximized

2023-02-01 16:45:46 - [TEST_STEP][PASSED] - selectOptionByLabel(findTestObject("Select/Page_ComboBox  TestingQaRvn/select_WindowsLinuxMac"), "Linux", false): All options with label 'Linux' are selected in object 'Object Repository/Select/Page_ComboBox  TestingQaRvn/select_WindowsLinuxMac' 

2023-02-01 16:45:47 - [MESSAGE][PASSED] - All options with label 'Linux' are selected in object 'Object Repository/Select/Page_ComboBox  TestingQaRvn/select_WindowsLinuxMac' 

2023-02-01 16:45:47 - [TEST_STEP][PASSED] - delay(Tiempo): Delayed 2 second(s)

2023-02-01 16:45:49 - [MESSAGE][PASSED] - Delayed 2 second(s)

2023-02-01 16:45:49 - [TEST_STEP][PASSED] - selectOptionByIndex(findTestObject("Select/Page_ComboBox  TestingQaRvn/select_WindowsLinuxMac"), 2): All options with index in [2] are selected on object 'Object Repository/Select/Page_ComboBox  TestingQaRvn/select_WindowsLinuxMac'

2023-02-01 16:45:51 - [MESSAGE][PASSED] - All options with index in [2] are selected on object 'Object Repository/Select/Page_ComboBox  TestingQaRvn/select_WindowsLinuxMac'

2023-02-01 16:45:51 - [TEST_STEP][PASSED] - delay(Tiempo): Delayed 2 second(s)

2023-02-01 16:45:53 - [MESSAGE][PASSED] - Delayed 2 second(s)

2023-02-01 16:45:53 - [TEST_STEP][PASSED] - selectOptionByValue(findTestObject("Select/Page_ComboBox  TestingQaRvn/select_WindowsLinuxMac"), "Windows", false): All options with value 'Windows' are selected in object 'Object Repository/Select/Page_ComboBox  TestingQaRvn/select_WindowsLinuxMac' 

2023-02-01 16:45:54 - [MESSAGE][PASSED] - All options with value 'Windows' are selected in object 'Object Repository/Select/Page_ComboBox  TestingQaRvn/select_WindowsLinuxMac' 

2023-02-01 16:45:54 - [TEST_STEP][PASSED] - delay(Tiempo): Delayed 2 second(s)

2023-02-01 16:45:56 - [MESSAGE][PASSED] - Delayed 2 second(s)

2023-02-01 16:45:56 - [TEST_STEP][PASSED] - closeBrowser(): Browser is closed

2023-02-01 16:45:56 - [MESSAGE][PASSED] - Browser is closed]]></system-out>
         <system-err><![CDATA[]]></system-err>
      </testcase>
      <testcase name="Test Cases/qaInterview" time="11.135" classname="Test Cases/qaInterview" status="PASSED">
         <system-out><![CDATA[2023-02-01 16:45:56 - [TEST_CASE][PASSED] - Test Cases/qaInterview: Test Cases/qaInterview

2023-02-01 16:45:56 - [TEST_STEP][PASSED] - openBrowser(""): Browser is opened with url: ''

2023-02-01 16:45:56 - [MESSAGE][INFO] - Starting 'Chrome' driver

2023-02-01 16:45:56 - [MESSAGE][INFO] - Action delay is set to 0 milliseconds

2023-02-01 16:46:00 - [MESSAGE][PASSED] - Browser is opened with url: ''

2023-02-01 16:46:00 - [TEST_STEP][PASSED] - navigateToUrl("https://qainterview.pythonanywhere.com/"): Navigate to 'https://qainterview.pythonanywhere.com/' successfully

2023-02-01 16:46:02 - [MESSAGE][PASSED] - Navigate to 'https://qainterview.pythonanywhere.com/' successfully

2023-02-01 16:46:02 - [TEST_STEP][PASSED] - maximizeWindow(): Current window maximized

2023-02-01 16:46:03 - [MESSAGE][PASSED] - Current window maximized

2023-02-01 16:46:03 - [TEST_STEP][PASSED] - setText(findTestObject("qaInterview/Page_Factoriall/input_The greatest factorial calculator_number"), "5"): Text '5' is set on object 'Object Repository/qaInterview/Page_Factoriall/input_The greatest factorial calculator_number'

2023-02-01 16:46:05 - [MESSAGE][PASSED] - Text '5' is set on object 'Object Repository/qaInterview/Page_Factoriall/input_The greatest factorial calculator_number'

2023-02-01 16:46:05 - [TEST_STEP][PASSED] - click(findTestObject("qaInterview/Page_Factoriall/button_Calculate")): Object: 'Object Repository/qaInterview/Page_Factoriall/button_Calculate' is clicked on

2023-02-01 16:46:05 - [MESSAGE][PASSED] - Object: 'Object Repository/qaInterview/Page_Factoriall/button_Calculate' is clicked on

2023-02-01 16:46:05 - [TEST_STEP][PASSED] - delay(1): Delayed 1 second(s)

2023-02-01 16:46:06 - [MESSAGE][PASSED] - Delayed 1 second(s)

2023-02-01 16:46:06 - [TEST_STEP][PASSED] - resultado = getText(findTestObject("qaInterview/Page_Factoriall/factorialResult")): Text of object 'Object Repository/qaInterview/Page_Factoriall/factorialResult' is: 'The factorial of 5 is: 120'

2023-02-01 16:46:07 - [MESSAGE][PASSED] - Text of object 'Object Repository/qaInterview/Page_Factoriall/factorialResult' is: 'The factorial of 5 is: 120'

2023-02-01 16:46:07 - [TEST_STEP][PASSED] - print(resultado): null

2023-02-01 16:46:07 - [TEST_STEP][PASSED] - closeBrowser(): Browser is closed

2023-02-01 16:46:07 - [MESSAGE][PASSED] - Browser is closed]]></system-out>
         <system-err><![CDATA[]]></system-err>
      </testcase>
      <testcase name="Test Cases/Custom_keywords/test_1" time="13.512" classname="Test Cases/Custom_keywords/test_1" status="PASSED">
         <system-out><![CDATA[2023-02-01 16:46:07 - [TEST_CASE][PASSED] - Test Cases/Custom_keywords/test_1: Test Cases/Custom_keywords/test_1

2023-02-01 16:46:08 - [TEST_STEP][PASSED] - com.helper.OpenBowser.OpenBrowser.OpenBowser(): com.helper.OpenBowser.OpenBrowser.OpenBowser is PASSED

2023-02-01 16:46:08 - [MESSAGE][INFO] - Starting 'Chrome' driver

2023-02-01 16:46:08 - [MESSAGE][INFO] - Action delay is set to 0 milliseconds

2023-02-01 16:46:11 - [MESSAGE][PASSED] - Browser is opened with url: ''

2023-02-01 16:46:11 - [MESSAGE][PASSED] - Current window maximized

2023-02-01 16:46:17 - [MESSAGE][PASSED] - Navigate to 'https://demoqa.com/text-box' successfully

2023-02-01 16:46:17 - [MESSAGE][PASSED] - Wait for page load successfully

2023-02-01 16:46:17 - [MESSAGE][PASSED] - com.helper.OpenBowser.OpenBrowser.OpenBowser is PASSED

2023-02-01 16:46:17 - [TEST_STEP][PASSED] - delay(2): Delayed 2 second(s)

2023-02-01 16:46:19 - [MESSAGE][PASSED] - Delayed 2 second(s)

2023-02-01 16:46:19 - [TEST_STEP][PASSED] - closeBrowser(): Browser is closed

2023-02-01 16:46:21 - [MESSAGE][PASSED] - Browser is closed]]></system-out>
         <system-err><![CDATA[]]></system-err>
      </testcase>
      <testcase name="Test Cases/Pruebas/Caso_2" time="21.489" classname="Test Cases/Pruebas/Caso_2" status="PASSED">
         <system-out><![CDATA[2023-02-01 16:46:21 - [TEST_CASE][PASSED] - Test Cases/Pruebas/Caso_2: Test Cases/Pruebas/Caso_2

2023-02-01 16:46:21 - [TEST_STEP][PASSED] - openBrowser(""): Browser is opened with url: ''

2023-02-01 16:46:21 - [MESSAGE][INFO] - Starting 'Chrome' driver

2023-02-01 16:46:21 - [MESSAGE][INFO] - Action delay is set to 0 milliseconds

2023-02-01 16:46:24 - [MESSAGE][PASSED] - Browser is opened with url: ''

2023-02-01 16:46:24 - [TEST_STEP][PASSED] - navigateToUrl("https://demoqa.com/"): Navigate to 'https://demoqa.com/' successfully

2023-02-01 16:46:28 - [MESSAGE][PASSED] - Navigate to 'https://demoqa.com/' successfully

2023-02-01 16:46:28 - [TEST_STEP][PASSED] - maximizeWindow(): Current window maximized

2023-02-01 16:46:29 - [MESSAGE][PASSED] - Current window maximized

2023-02-01 16:46:29 - [TEST_STEP][PASSED] - click(findTestObject("Object Repository/Caso_2/Page_ToolsQA/div_Elements_card-up")): Object: 'Object Repository/Caso_2/Page_ToolsQA/div_Elements_card-up' is clicked on

2023-02-01 16:46:32 - [MESSAGE][PASSED] - Object: 'Object Repository/Caso_2/Page_ToolsQA/div_Elements_card-up' is clicked on

2023-02-01 16:46:32 - [TEST_STEP][PASSED] - click(findTestObject("Object Repository/Caso_2/Page_ToolsQA/li_Text Box")): Object: 'Object Repository/Caso_2/Page_ToolsQA/li_Text Box' is clicked on

2023-02-01 16:46:33 - [MESSAGE][PASSED] - Object: 'Object Repository/Caso_2/Page_ToolsQA/li_Text Box' is clicked on

2023-02-01 16:46:33 - [TEST_STEP][PASSED] - verifyElementText(findTestObject("Object Repository/Caso_2/Page_ToolsQA/div_Text Box"), "Text Box"): Actual text and expected text of test object 'Object Repository/Caso_2/Page_ToolsQA/div_Text Box' are matched.

2023-02-01 16:46:34 - [MESSAGE][PASSED] - Actual text and expected text of test object 'Object Repository/Caso_2/Page_ToolsQA/div_Text Box' are matched.

2023-02-01 16:46:34 - [TEST_STEP][PASSED] - setText(findTestObject("Object Repository/Caso_2/Page_ToolsQA/input_Full Name_userName"), "Gabriel Crooke"): Text 'Gabriel Crooke' is set on object 'Object Repository/Caso_2/Page_ToolsQA/input_Full Name_userName'

2023-02-01 16:46:36 - [MESSAGE][PASSED] - Text 'Gabriel Crooke' is set on object 'Object Repository/Caso_2/Page_ToolsQA/input_Full Name_userName'

2023-02-01 16:46:36 - [TEST_STEP][PASSED] - setText(findTestObject("Object Repository/Caso_2/Page_ToolsQA/input_Email_userEmail"), "gabrielcrooke@gmail.com"): Text 'gabrielcrooke@gmail.com' is set on object 'Object Repository/Caso_2/Page_ToolsQA/input_Email_userEmail'

2023-02-01 16:46:38 - [MESSAGE][PASSED] - Text 'gabrielcrooke@gmail.com' is set on object 'Object Repository/Caso_2/Page_ToolsQA/input_Email_userEmail'

2023-02-01 16:46:38 - [TEST_STEP][PASSED] - setText(findTestObject("Object Repository/Caso_2/Page_ToolsQA/textarea_Current Address_currentAddress"), "Direccion 1"): Text 'Direccion 1' is set on object 'Object Repository/Caso_2/Page_ToolsQA/textarea_Current Address_currentAddress'

2023-02-01 16:46:39 - [MESSAGE][PASSED] - Text 'Direccion 1' is set on object 'Object Repository/Caso_2/Page_ToolsQA/textarea_Current Address_currentAddress'

2023-02-01 16:46:39 - [TEST_STEP][PASSED] - setText(findTestObject("Object Repository/Caso_2/Page_ToolsQA/textarea_Permanent Address_permanentAddress"), "Direccion 2"): Text 'Direccion 2' is set on object 'Object Repository/Caso_2/Page_ToolsQA/textarea_Permanent Address_permanentAddress'

2023-02-01 16:46:40 - [MESSAGE][PASSED] - Text 'Direccion 2' is set on object 'Object Repository/Caso_2/Page_ToolsQA/textarea_Permanent Address_permanentAddress'

2023-02-01 16:46:40 - [TEST_STEP][PASSED] - scrollToElement(findTestObject("Caso_2/Page_ToolsQA/button_Submit"), 0): Scroll to object 'Object Repository/Caso_2/Page_ToolsQA/button_Submit' successfully

2023-02-01 16:46:40 - [MESSAGE][WARNING] - Timeout '0' is invalid. Using default page load timeout: '30'

2023-02-01 16:46:41 - [MESSAGE][PASSED] - Scroll to object 'Object Repository/Caso_2/Page_ToolsQA/button_Submit' successfully

2023-02-01 16:46:41 - [TEST_STEP][PASSED] - click(findTestObject("Object Repository/Caso_2/Page_ToolsQA/button_Submit")): Object: 'Object Repository/Caso_2/Page_ToolsQA/button_Submit' is clicked on

2023-02-01 16:46:41 - [MESSAGE][PASSED] - Object: 'Object Repository/Caso_2/Page_ToolsQA/button_Submit' is clicked on

2023-02-01 16:46:41 - [TEST_STEP][PASSED] - click(findTestObject("Object Repository/Caso_2/Page_ToolsQA/div_NameGabriel CrookeEmailgabrielcrookegma_e21247")): Object: 'Object Repository/Caso_2/Page_ToolsQA/div_NameGabriel CrookeEmailgabrielcrookegma_e21247' is clicked on

2023-02-01 16:46:42 - [MESSAGE][PASSED] - Object: 'Object Repository/Caso_2/Page_ToolsQA/div_NameGabriel CrookeEmailgabrielcrookegma_e21247' is clicked on

2023-02-01 16:46:42 - [TEST_STEP][PASSED] - closeBrowser(): Browser is closed

2023-02-01 16:46:42 - [MESSAGE][PASSED] - Browser is closed]]></system-out>
         <system-err><![CDATA[]]></system-err>
      </testcase>
      <testcase name="Test Cases/Spy_web/Caso_spy_web" time="79.519" classname="Test Cases/Spy_web/Caso_spy_web" status="PASSED">
         <system-out><![CDATA[2023-02-01 16:46:42 - [TEST_CASE][PASSED] - Test Cases/Spy_web/Caso_spy_web: Test Cases/Spy_web/Caso_spy_web

2023-02-01 16:46:43 - [TEST_STEP][PASSED] - openBrowser(""): Browser is opened with url: ''

2023-02-01 16:46:43 - [MESSAGE][INFO] - Starting 'Chrome' driver

2023-02-01 16:46:43 - [MESSAGE][INFO] - Action delay is set to 0 milliseconds

2023-02-01 16:46:46 - [MESSAGE][PASSED] - Browser is opened with url: ''

2023-02-01 16:46:46 - [TEST_STEP][PASSED] - navigateToUrl("https://demoqa.com/text-box"): Navigate to 'https://demoqa.com/text-box' successfully

2023-02-01 16:46:50 - [MESSAGE][PASSED] - Navigate to 'https://demoqa.com/text-box' successfully

2023-02-01 16:46:50 - [TEST_STEP][PASSED] - maximizeWindow(): Current window maximized

2023-02-01 16:46:50 - [MESSAGE][PASSED] - Current window maximized

2023-02-01 16:46:50 - [TEST_STEP][PASSED] - verifyTextPresent("Text Box", false): Text 'Text Box' is present on page 

2023-02-01 16:46:54 - [MESSAGE][PASSED] - Text 'Text Box' is present on page 

2023-02-01 16:46:54 - [TEST_STEP][PASSED] - setText(findTestObject("spy_web/Page_ToolsQA/input_Full Name_userName"), "Gabriel Crooke"): Text 'Gabriel Crooke' is set on object 'Object Repository/spy_web/Page_ToolsQA/input_Full Name_userName'

2023-02-01 16:47:25 - [MESSAGE][INFO] - Unable to find the element located by 'By.xpath: '. Please recheck the objects properties to make sure the desired element is located. 

2023-02-01 16:47:25 - [MESSAGE][WARNING] - [SELF-HEALING] Failed to find element with id 'Object Repository/spy_web/Page_ToolsQA/input_Full Name_userName'. Try using Self-healing.

2023-02-01 16:47:25 - [MESSAGE][WARNING] - [SELF-HEALING] The current locator of test object 'Object Repository/spy_web/Page_ToolsQA/input_Full Name_userName' was broken. Propose an alternative one: '//input[@id='userName']'.

2023-02-01 16:47:57 - [MESSAGE][INFO] - Unable to find the element located by 'By.xpath: '. Please recheck the objects properties to make sure the desired element is located. 

2023-02-01 16:47:57 - [MESSAGE][WARNING] - [SELF-HEALING] Failed to find element with id 'Object Repository/spy_web/Page_ToolsQA/input_Full Name_userName'. Try using Self-healing.

2023-02-01 16:47:57 - [MESSAGE][WARNING] - [SELF-HEALING] The current locator of test object 'Object Repository/spy_web/Page_ToolsQA/input_Full Name_userName' was broken. Propose an alternative one: '//input[@id='userName']'.

2023-02-01 16:47:57 - [MESSAGE][PASSED] - Text 'Gabriel Crooke' is set on object 'Object Repository/spy_web/Page_ToolsQA/input_Full Name_userName'

2023-02-01 16:47:57 - [TEST_STEP][PASSED] - setText(findTestObject("spy_web/Page_ToolsQA/input_Email_userEmail"), "gcrooke@gmail.com"): Text 'gcrooke@gmail.com' is set on object 'Object Repository/spy_web/Page_ToolsQA/input_Email_userEmail'

2023-02-01 16:47:58 - [MESSAGE][PASSED] - Text 'gcrooke@gmail.com' is set on object 'Object Repository/spy_web/Page_ToolsQA/input_Email_userEmail'

2023-02-01 16:47:58 - [TEST_STEP][PASSED] - setText(findTestObject("spy_web/Page_ToolsQA/textarea_Current Address_currentAddress"), "Direccion 1"): Text 'Direccion 1' is set on object 'Object Repository/spy_web/Page_ToolsQA/textarea_Current Address_currentAddress'

2023-02-01 16:47:59 - [MESSAGE][PASSED] - Text 'Direccion 1' is set on object 'Object Repository/spy_web/Page_ToolsQA/textarea_Current Address_currentAddress'

2023-02-01 16:47:59 - [TEST_STEP][PASSED] - setText(findTestObject("spy_web/Page_ToolsQA/textarea_Permanent Address_permanentAddress"), "Direccion 2"): Text 'Direccion 2' is set on object 'Object Repository/spy_web/Page_ToolsQA/textarea_Permanent Address_permanentAddress'

2023-02-01 16:48:00 - [MESSAGE][PASSED] - Text 'Direccion 2' is set on object 'Object Repository/spy_web/Page_ToolsQA/textarea_Permanent Address_permanentAddress'

2023-02-01 16:48:00 - [TEST_STEP][PASSED] - scrollToElement(findTestObject("spy_web/Page_ToolsQA/button_Submit"), 0): Scroll to object 'Object Repository/spy_web/Page_ToolsQA/button_Submit' successfully

2023-02-01 16:48:00 - [MESSAGE][WARNING] - Timeout '0' is invalid. Using default page load timeout: '30'

2023-02-01 16:48:01 - [MESSAGE][PASSED] - Scroll to object 'Object Repository/spy_web/Page_ToolsQA/button_Submit' successfully

2023-02-01 16:48:01 - [TEST_STEP][PASSED] - click(findTestObject("spy_web/Page_ToolsQA/button_Submit")): Object: 'Object Repository/spy_web/Page_ToolsQA/button_Submit' is clicked on

2023-02-01 16:48:01 - [MESSAGE][PASSED] - Object: 'Object Repository/spy_web/Page_ToolsQA/button_Submit' is clicked on

2023-02-01 16:48:01 - [TEST_STEP][PASSED] - closeBrowser(): Browser is closed

2023-02-01 16:48:02 - [MESSAGE][PASSED] - Browser is closed]]></system-out>
         <system-err><![CDATA[]]></system-err>
      </testcase>
      <system-out><![CDATA[2023-02-01 16:43:12 - [TEST_SUITE][FAILED] - Integration_tests: Test Cases/bucles/Reto_while_solution FAILED.
Reason:
com.kms.katalon.core.exception.StepFailedException: Unable to get text of object 'Object Repository/reto_while/Page_Google/Resultado'
	at com.kms.katalon.core.webui.keyword.internal.WebUIKeywordMain.stepFailed(WebUIKeywordMain.groovy:64)
	at com.kms.katalon.core.webui.keyword.internal.WebUIKeywordMain.runKeyword(WebUIKeywordMain.groovy:26)
	at com.kms.katalon.core.webui.keyword.builtin.GetTextKeyword.getText(GetTextKeyword.groovy:88)
	at com.kms.katalon.core.webui.keyword.builtin.GetTextKeyword.execute(GetTextKeyword.groovy:67)
	at com.kms.katalon.core.keyword.internal.KeywordExecutor.executeKeywordForPlatform(KeywordExecutor.groovy:74)
	at com.kms.katalon.core.webui.keyword.WebUiBuiltInKeywords.getText(WebUiBuiltInKeywords.groovy:918)
	at com.kms.katalon.core.webui.keyword.WebUiBuiltInKeywords$getText$8.call(Unknown Source)
	at Reto_while_solution.run(Reto_while_solution:37)
	at com.kms.katalon.core.main.ScriptEngine.run(ScriptEngine.java:194)
	at com.kms.katalon.core.main.ScriptEngine.runScriptAsRawText(ScriptEngine.java:119)
	at com.kms.katalon.core.main.TestCaseExecutor.runScript(TestCaseExecutor.java:448)
	at com.kms.katalon.core.main.TestCaseExecutor.doExecute(TestCaseExecutor.java:439)
	at com.kms.katalon.core.main.TestCaseExecutor.processExecutionPhase(TestCaseExecutor.java:418)
	at com.kms.katalon.core.main.TestCaseExecutor.accessMainPhase(TestCaseExecutor.java:410)
	at com.kms.katalon.core.main.TestCaseExecutor.execute(TestCaseExecutor.java:285)
	at com.kms.katalon.core.common.CommonExecutor.accessTestCaseMainPhase(CommonExecutor.java:65)
	at com.kms.katalon.core.main.TestSuiteExecutor.accessTestSuiteMainPhase(TestSuiteExecutor.java:151)
	at com.kms.katalon.core.main.TestSuiteExecutor.execute(TestSuiteExecutor.java:106)
	at com.kms.katalon.core.main.TestCaseMain.startTestSuite(TestCaseMain.java:185)
	at com.kms.katalon.core.main.TestCaseMain$startTestSuite$0.call(Unknown Source)
	at TempTestSuite1675284176629.run(TempTestSuite1675284176629.groovy:36)
Caused by: com.kms.katalon.core.webui.exception.WebElementNotFoundException: Web element with id: 'Object Repository/reto_while/Page_Google/Resultado' located by '//*[@id="cwos"]' not found
	at com.kms.katalon.core.webui.common.WebUiCommonHelper.findWebElement(WebUiCommonHelper.java:1370)
	at com.kms.katalon.core.webui.keyword.internal.WebUIAbstractKeyword.findWebElement(WebUIAbstractKeyword.groovy:27)
	at com.kms.katalon.core.webui.keyword.internal.WebUIAbstractKeyword.findWebElement(WebUIAbstractKeyword.groovy:26)
	at com.kms.katalon.core.webui.keyword.builtin.GetTextKeyword$_getText_closure1.doCall(GetTextKeyword.groovy:78)
	at com.kms.katalon.core.webui.keyword.builtin.GetTextKeyword$_getText_closure1.call(GetTextKeyword.groovy)
	at com.kms.katalon.core.webui.keyword.internal.WebUIKeywordMain.runKeyword(WebUIKeywordMain.groovy:20)
	... 19 more]]></system-out>
      <system-err><![CDATA[2023-02-01 16:43:12 - [TEST_SUITE][FAILED] - Integration_tests: Test Cases/bucles/Reto_while_solution FAILED.
Reason:
com.kms.katalon.core.exception.StepFailedException: Unable to get text of object 'Object Repository/reto_while/Page_Google/Resultado'
	at com.kms.katalon.core.webui.keyword.internal.WebUIKeywordMain.stepFailed(WebUIKeywordMain.groovy:64)
	at com.kms.katalon.core.webui.keyword.internal.WebUIKeywordMain.runKeyword(WebUIKeywordMain.groovy:26)
	at com.kms.katalon.core.webui.keyword.builtin.GetTextKeyword.getText(GetTextKeyword.groovy:88)
	at com.kms.katalon.core.webui.keyword.builtin.GetTextKeyword.execute(GetTextKeyword.groovy:67)
	at com.kms.katalon.core.keyword.internal.KeywordExecutor.executeKeywordForPlatform(KeywordExecutor.groovy:74)
	at com.kms.katalon.core.webui.keyword.WebUiBuiltInKeywords.getText(WebUiBuiltInKeywords.groovy:918)
	at com.kms.katalon.core.webui.keyword.WebUiBuiltInKeywords$getText$8.call(Unknown Source)
	at Reto_while_solution.run(Reto_while_solution:37)
	at com.kms.katalon.core.main.ScriptEngine.run(ScriptEngine.java:194)
	at com.kms.katalon.core.main.ScriptEngine.runScriptAsRawText(ScriptEngine.java:119)
	at com.kms.katalon.core.main.TestCaseExecutor.runScript(TestCaseExecutor.java:448)
	at com.kms.katalon.core.main.TestCaseExecutor.doExecute(TestCaseExecutor.java:439)
	at com.kms.katalon.core.main.TestCaseExecutor.processExecutionPhase(TestCaseExecutor.java:418)
	at com.kms.katalon.core.main.TestCaseExecutor.accessMainPhase(TestCaseExecutor.java:410)
	at com.kms.katalon.core.main.TestCaseExecutor.execute(TestCaseExecutor.java:285)
	at com.kms.katalon.core.common.CommonExecutor.accessTestCaseMainPhase(CommonExecutor.java:65)
	at com.kms.katalon.core.main.TestSuiteExecutor.accessTestSuiteMainPhase(TestSuiteExecutor.java:151)
	at com.kms.katalon.core.main.TestSuiteExecutor.execute(TestSuiteExecutor.java:106)
	at com.kms.katalon.core.main.TestCaseMain.startTestSuite(TestCaseMain.java:185)
	at com.kms.katalon.core.main.TestCaseMain$startTestSuite$0.call(Unknown Source)
	at TempTestSuite1675284176629.run(TempTestSuite1675284176629.groovy:36)
Caused by: com.kms.katalon.core.webui.exception.WebElementNotFoundException: Web element with id: 'Object Repository/reto_while/Page_Google/Resultado' located by '//*[@id="cwos"]' not found
	at com.kms.katalon.core.webui.common.WebUiCommonHelper.findWebElement(WebUiCommonHelper.java:1370)
	at com.kms.katalon.core.webui.keyword.internal.WebUIAbstractKeyword.findWebElement(WebUIAbstractKeyword.groovy:27)
	at com.kms.katalon.core.webui.keyword.internal.WebUIAbstractKeyword.findWebElement(WebUIAbstractKeyword.groovy:26)
	at com.kms.katalon.core.webui.keyword.builtin.GetTextKeyword$_getText_closure1.doCall(GetTextKeyword.groovy:78)
	at com.kms.katalon.core.webui.keyword.builtin.GetTextKeyword$_getText_closure1.call(GetTextKeyword.groovy)
	at com.kms.katalon.core.webui.keyword.internal.WebUIKeywordMain.runKeyword(WebUIKeywordMain.groovy:20)
	... 19 more]]></system-err>
   </testsuite>
</testsuites>
