<?xml version="1.0" encoding="UTF-8"?>
<testsuites name="Integration_tests" time="55.079" tests="2" failures="0" errors="1">
   <testsuite name="Integration_tests" tests="2" failures="0" errors="1" time="55.079" skipped="0" timestamp="2023-01-28 14:00:47" hostname="gabrielcrooke - 192.168.0.9" id="Test Suites/Integration_tests">
      <properties>
         <property name="deviceName" value=""/>
         <property name="devicePlatform" value=""/>
         <property name="logFolder" value="/Users/gabrielcrooke/KatalonProject/Reports/20230128_140027/Integration_tests/20230128_140027"/>
         <property name="logFiles" value="/Users/gabrielcrooke/KatalonProject/Reports/20230128_140027/Integration_tests/20230128_140027/execution0.log"/>
         <property name="attachments" value=""/>
         <property name="hostName" value="gabrielcrooke - 192.168.0.9"/>
         <property name="os" value="Mac OS X 64bit"/>
         <property name="katalonVersion" value="8.5.3.208"/>
         <property name="browser" value="Chrome 109.0.0.0"/>
         <property name="hostAddress" value="192.168.0.9"/>
         <property name="sessionId" value="d328909e21d933e58ef442a409bd40ab"/>
         <property name="seleniumVersion" value="3.141.59"/>
         <property name="proxyInformation" value="ProxyInformation { proxyOption=NO_PROXY, proxyServerType=HTTP, username=, password=********, proxyServerAddress=, proxyServerPort=0, executionList=&quot;&quot;, isApplyToDesiredCapabilities=true }"/>
         <property name="platform" value="Mac OS X"/>
      </properties>
      <testcase name="Test Cases/bucles/Reto_for" time="15.078" classname="Test Cases/bucles/Reto_for" status="ERROR">
         <error type="ERROR" message="Test Cases/bucles/Reto_for FAILED.
Reason:
groovy.lang.MissingPropertyException: No such property: tx_nombre for class: Script1673448766552
	at Reto_for.run(Reto_for:40)
	at com.kms.katalon.core.main.ScriptEngine.run(ScriptEngine.java:194)
	at com.kms.katalon.core.main.ScriptEngine.runScriptAsRawText(ScriptEngine.java:119)
	at com.kms.katalon.core.main.TestCaseExecutor.runScript(TestCaseExecutor.java:448)
	at com.kms.katalon.core.main.TestCaseExecutor.doExecute(TestCaseExecutor.java:439)
	at com.kms.katalon.core.main.TestCaseExecutor.processExecutionPhase(TestCaseExecutor.java:418)
	at com.kms.katalon.core.main.TestCaseExecutor.accessMainPhase(TestCaseExecutor.java:410)
	at com.kms.katalon.core.main.TestCaseExecutor.execute(TestCaseExecutor.java:285)
	at com.kms.katalon.core.common.CommonExecutor.accessTestCaseMainPhase(CommonExecutor.java:65)
	at com.kms.katalon.core.main.TestSuiteExecutor.accessTestSuiteMainPhase(TestSuiteExecutor.java:151)
	at com.kms.katalon.core.main.TestSuiteExecutor.execute(TestSuiteExecutor.java:106)
	at com.kms.katalon.core.main.TestCaseMain.startTestSuite(TestCaseMain.java:185)
	at com.kms.katalon.core.main.TestCaseMain$startTestSuite$0.call(Unknown Source)
	at TempTestSuite1674928827072.run(TempTestSuite1674928827072.groovy:36)
"/>
         <system-out><![CDATA[2023-01-28 14:00:47 - [TEST_CASE][ERROR] - Test Cases/bucles/Reto_for: Test Cases/bucles/Reto_for FAILED.
Reason:
groovy.lang.MissingPropertyException: No such property: tx_nombre for class: Script1673448766552
	at Reto_for.run(Reto_for:40)
	at com.kms.katalon.core.main.ScriptEngine.run(ScriptEngine.java:194)
	at com.kms.katalon.core.main.ScriptEngine.runScriptAsRawText(ScriptEngine.java:119)
	at com.kms.katalon.core.main.TestCaseExecutor.runScript(TestCaseExecutor.java:448)
	at com.kms.katalon.core.main.TestCaseExecutor.doExecute(TestCaseExecutor.java:439)
	at com.kms.katalon.core.main.TestCaseExecutor.processExecutionPhase(TestCaseExecutor.java:418)
	at com.kms.katalon.core.main.TestCaseExecutor.accessMainPhase(TestCaseExecutor.java:410)
	at com.kms.katalon.core.main.TestCaseExecutor.execute(TestCaseExecutor.java:285)
	at com.kms.katalon.core.common.CommonExecutor.accessTestCaseMainPhase(CommonExecutor.java:65)
	at com.kms.katalon.core.main.TestSuiteExecutor.accessTestSuiteMainPhase(TestSuiteExecutor.java:151)
	at com.kms.katalon.core.main.TestSuiteExecutor.execute(TestSuiteExecutor.java:106)
	at com.kms.katalon.core.main.TestCaseMain.startTestSuite(TestCaseMain.java:185)
	at com.kms.katalon.core.main.TestCaseMain$startTestSuite$0.call(Unknown Source)
	at TempTestSuite1674928827072.run(TempTestSuite1674928827072.groovy:36)


2023-01-28 14:00:47 - [TEST_STEP][PASSED] - openBrowser(""): Browser is opened with url: ''

2023-01-28 14:00:48 - [MESSAGE][INFO] - Starting 'Chrome' driver

2023-01-28 14:00:48 - [MESSAGE][INFO] - Action delay is set to 0 milliseconds

2023-01-28 14:00:52 - [MESSAGE][PASSED] - Browser is opened with url: ''

2023-01-28 14:00:52 - [TEST_STEP][PASSED] - navigateToUrl("https://demoqa.com/text-box"): Navigate to 'https://demoqa.com/text-box' successfully

2023-01-28 14:00:59 - [MESSAGE][PASSED] - Navigate to 'https://demoqa.com/text-box' successfully

2023-01-28 14:00:59 - [TEST_STEP][PASSED] - waitForPageLoad(10): Wait for page load successfully

2023-01-28 14:01:01 - [MESSAGE][PASSED] - Wait for page load successfully

2023-01-28 14:01:01 - [TEST_STEP][PASSED] - maximizeWindow(): Current window maximized

2023-01-28 14:01:02 - [MESSAGE][PASSED] - Current window maximized

2023-01-28 14:01:02 - [TEST_STEP][PASSED] - scrollToPosition(0, 250): Browser is scrolled to position x = 0, y = 250

2023-01-28 14:01:02 - [MESSAGE][PASSED] - Browser is scrolled to position x = 0, y = 250

2023-01-28 14:01:02 - [TEST_STEP][ERROR] - for ([x = 1, x <= 5, (x++)]): Test Cases/bucles/Reto_for FAILED.
Reason:
groovy.lang.MissingPropertyException: No such property: tx_nombre for class: Script1673448766552
	at Reto_for.run(Reto_for:40)
	at com.kms.katalon.core.main.ScriptEngine.run(ScriptEngine.java:194)
	at com.kms.katalon.core.main.ScriptEngine.runScriptAsRawText(ScriptEngine.java:119)
	at com.kms.katalon.core.main.TestCaseExecutor.runScript(TestCaseExecutor.java:448)
	at com.kms.katalon.core.main.TestCaseExecutor.doExecute(TestCaseExecutor.java:439)
	at com.kms.katalon.core.main.TestCaseExecutor.processExecutionPhase(TestCaseExecutor.java:418)
	at com.kms.katalon.core.main.TestCaseExecutor.accessMainPhase(TestCaseExecutor.java:410)
	at com.kms.katalon.core.main.TestCaseExecutor.execute(TestCaseExecutor.java:285)
	at com.kms.katalon.core.common.CommonExecutor.accessTestCaseMainPhase(CommonExecutor.java:65)
	at com.kms.katalon.core.main.TestSuiteExecutor.accessTestSuiteMainPhase(TestSuiteExecutor.java:151)
	at com.kms.katalon.core.main.TestSuiteExecutor.execute(TestSuiteExecutor.java:106)
	at com.kms.katalon.core.main.TestCaseMain.startTestSuite(TestCaseMain.java:185)
	at com.kms.katalon.core.main.TestCaseMain$startTestSuite$0.call(Unknown Source)
	at TempTestSuite1674928827072.run(TempTestSuite1674928827072.groovy:36)


2023-01-28 14:01:02 - [TEST_STEP][PASSED] - z = ["Carlos", "Erika", "Paco", "Rodrigo", "Josefina"]: null

2023-01-28 14:01:02 - [TEST_STEP][PASSED] - rn = new java.util.Random(): null

2023-01-28 14:01:02 - [TEST_STEP][PASSED] - tx_nombree = z[rn.nextInt(size)]: null

2023-01-28 14:01:02 - [TEST_STEP][ERROR] - setText(findTestObject("Object Repository/Reto_for/Page_ToolsQA/input_Full Name_userName"), tx_nombre): Test Cases/bucles/Reto_for FAILED.
Reason:
groovy.lang.MissingPropertyException: No such property: tx_nombre for class: Script1673448766552
	at Reto_for.run(Reto_for:40)
	at com.kms.katalon.core.main.ScriptEngine.run(ScriptEngine.java:194)
	at com.kms.katalon.core.main.ScriptEngine.runScriptAsRawText(ScriptEngine.java:119)
	at com.kms.katalon.core.main.TestCaseExecutor.runScript(TestCaseExecutor.java:448)
	at com.kms.katalon.core.main.TestCaseExecutor.doExecute(TestCaseExecutor.java:439)
	at com.kms.katalon.core.main.TestCaseExecutor.processExecutionPhase(TestCaseExecutor.java:418)
	at com.kms.katalon.core.main.TestCaseExecutor.accessMainPhase(TestCaseExecutor.java:410)
	at com.kms.katalon.core.main.TestCaseExecutor.execute(TestCaseExecutor.java:285)
	at com.kms.katalon.core.common.CommonExecutor.accessTestCaseMainPhase(CommonExecutor.java:65)
	at com.kms.katalon.core.main.TestSuiteExecutor.accessTestSuiteMainPhase(TestSuiteExecutor.java:151)
	at com.kms.katalon.core.main.TestSuiteExecutor.execute(TestSuiteExecutor.java:106)
	at com.kms.katalon.core.main.TestCaseMain.startTestSuite(TestCaseMain.java:185)
	at com.kms.katalon.core.main.TestCaseMain$startTestSuite$0.call(Unknown Source)
	at TempTestSuite1674928827072.run(TempTestSuite1674928827072.groovy:36)


2023-01-28 14:01:02 - [MESSAGE][ERROR] - Test Cases/bucles/Reto_for FAILED.
Reason:
groovy.lang.MissingPropertyException: No such property: tx_nombre for class: Script1673448766552
	at Reto_for.run(Reto_for:40)
	at com.kms.katalon.core.main.ScriptEngine.run(ScriptEngine.java:194)
	at com.kms.katalon.core.main.ScriptEngine.runScriptAsRawText(ScriptEngine.java:119)
	at com.kms.katalon.core.main.TestCaseExecutor.runScript(TestCaseExecutor.java:448)
	at com.kms.katalon.core.main.TestCaseExecutor.doExecute(TestCaseExecutor.java:439)
	at com.kms.katalon.core.main.TestCaseExecutor.processExecutionPhase(TestCaseExecutor.java:418)
	at com.kms.katalon.core.main.TestCaseExecutor.accessMainPhase(TestCaseExecutor.java:410)
	at com.kms.katalon.core.main.TestCaseExecutor.execute(TestCaseExecutor.java:285)
	at com.kms.katalon.core.common.CommonExecutor.accessTestCaseMainPhase(CommonExecutor.java:65)
	at com.kms.katalon.core.main.TestSuiteExecutor.accessTestSuiteMainPhase(TestSuiteExecutor.java:151)
	at com.kms.katalon.core.main.TestSuiteExecutor.execute(TestSuiteExecutor.java:106)
	at com.kms.katalon.core.main.TestCaseMain.startTestSuite(TestCaseMain.java:185)
	at com.kms.katalon.core.main.TestCaseMain$startTestSuite$0.call(Unknown Source)
	at TempTestSuite1674928827072.run(TempTestSuite1674928827072.groovy:36)]]></system-out>
         <system-err><![CDATA[2023-01-28 14:00:47 - [TEST_CASE][ERROR] - Test Cases/bucles/Reto_for: Test Cases/bucles/Reto_for FAILED.
Reason:
groovy.lang.MissingPropertyException: No such property: tx_nombre for class: Script1673448766552
	at Reto_for.run(Reto_for:40)
	at com.kms.katalon.core.main.ScriptEngine.run(ScriptEngine.java:194)
	at com.kms.katalon.core.main.ScriptEngine.runScriptAsRawText(ScriptEngine.java:119)
	at com.kms.katalon.core.main.TestCaseExecutor.runScript(TestCaseExecutor.java:448)
	at com.kms.katalon.core.main.TestCaseExecutor.doExecute(TestCaseExecutor.java:439)
	at com.kms.katalon.core.main.TestCaseExecutor.processExecutionPhase(TestCaseExecutor.java:418)
	at com.kms.katalon.core.main.TestCaseExecutor.accessMainPhase(TestCaseExecutor.java:410)
	at com.kms.katalon.core.main.TestCaseExecutor.execute(TestCaseExecutor.java:285)
	at com.kms.katalon.core.common.CommonExecutor.accessTestCaseMainPhase(CommonExecutor.java:65)
	at com.kms.katalon.core.main.TestSuiteExecutor.accessTestSuiteMainPhase(TestSuiteExecutor.java:151)
	at com.kms.katalon.core.main.TestSuiteExecutor.execute(TestSuiteExecutor.java:106)
	at com.kms.katalon.core.main.TestCaseMain.startTestSuite(TestCaseMain.java:185)
	at com.kms.katalon.core.main.TestCaseMain$startTestSuite$0.call(Unknown Source)
	at TempTestSuite1674928827072.run(TempTestSuite1674928827072.groovy:36)]]></system-err>
      </testcase>
      <testcase name="Test Cases/bucles/Reto_while_solution" time="39.492" classname="Test Cases/bucles/Reto_while_solution" status="PASSED">
         <system-out><![CDATA[2023-01-28 14:01:02 - [TEST_CASE][PASSED] - Test Cases/bucles/Reto_while_solution: Test Cases/bucles/Reto_while_solution

2023-01-28 14:01:03 - [TEST_STEP][PASSED] - openBrowser(""): Browser is opened with url: ''

2023-01-28 14:01:03 - [MESSAGE][WARNING] - A browser is already opened. Closing browser and opening a new one

2023-01-28 14:01:03 - [MESSAGE][INFO] - Starting 'Chrome' driver

2023-01-28 14:01:03 - [MESSAGE][INFO] - Action delay is set to 0 milliseconds

2023-01-28 14:01:05 - [MESSAGE][PASSED] - Browser is opened with url: ''

2023-01-28 14:01:05 - [TEST_STEP][PASSED] - maximizeWindow(): Current window maximized

2023-01-28 14:01:05 - [MESSAGE][PASSED] - Current window maximized

2023-01-28 14:01:05 - [TEST_STEP][PASSED] - navigateToUrl("https://www.google.com.do/?gws_rd=ssl"): Navigate to 'https://www.google.com.do/?gws_rd=ssl' successfully

2023-01-28 14:01:07 - [MESSAGE][PASSED] - Navigate to 'https://www.google.com.do/?gws_rd=ssl' successfully

2023-01-28 14:01:07 - [TEST_STEP][PASSED] - waitForPageLoad(0): Wait for page load successfully

2023-01-28 14:01:07 - [MESSAGE][WARNING] - Timeout '0' is invalid. Using default page load timeout: '30'

2023-01-28 14:01:07 - [MESSAGE][PASSED] - Wait for page load successfully

2023-01-28 14:01:07 - [TEST_STEP][PASSED] - res = 0: null

2023-01-28 14:01:07 - [TEST_STEP][PASSED] - while (res != 8): null

2023-01-28 14:01:07 - [TEST_STEP][PASSED] - num = Math.random() * 5: null

2023-01-28 14:01:07 - [TEST_STEP][PASSED] - setText(findTestObject("Object Repository/reto_while/Page_Google/input__q"), "5+" + num): Text '5+0' is set on object 'Object Repository/reto_while/Page_Google/input__q'

2023-01-28 14:01:08 - [MESSAGE][PASSED] - Text '5+0' is set on object 'Object Repository/reto_while/Page_Google/input__q'

2023-01-28 14:01:08 - [TEST_STEP][PASSED] - sendKeys(findTestObject("Object Repository/reto_while/Page_Google/input__q"), Keys.chord(ENTER)): Keys 'ENTER + ' sent to object: 'Object Repository/reto_while/Page_Google/input__q'

2023-01-28 14:01:16 - [MESSAGE][PASSED] - Keys 'ENTER + ' sent to object: 'Object Repository/reto_while/Page_Google/input__q'

2023-01-28 14:01:16 - [TEST_STEP][PASSED] - res = getText(findTestObject("reto_while/Page_Google/Resultado")).toInteger(): Text of object 'Object Repository/reto_while/Page_Google/Resultado' is: '5'

2023-01-28 14:01:17 - [MESSAGE][PASSED] - Text of object 'Object Repository/reto_while/Page_Google/Resultado' is: '5'

2023-01-28 14:01:17 - [TEST_STEP][PASSED] - print(res): null

2023-01-28 14:01:17 - [TEST_STEP][PASSED] - num = Math.random() * 5: null

2023-01-28 14:01:17 - [TEST_STEP][PASSED] - setText(findTestObject("Object Repository/reto_while/Page_Google/input__q"), "5+" + num): Text '5+4' is set on object 'Object Repository/reto_while/Page_Google/input__q'

2023-01-28 14:01:17 - [MESSAGE][PASSED] - Text '5+4' is set on object 'Object Repository/reto_while/Page_Google/input__q'

2023-01-28 14:01:17 - [TEST_STEP][PASSED] - sendKeys(findTestObject("Object Repository/reto_while/Page_Google/input__q"), Keys.chord(ENTER)): Keys 'ENTER + ' sent to object: 'Object Repository/reto_while/Page_Google/input__q'

2023-01-28 14:01:21 - [MESSAGE][PASSED] - Keys 'ENTER + ' sent to object: 'Object Repository/reto_while/Page_Google/input__q'

2023-01-28 14:01:21 - [TEST_STEP][PASSED] - res = getText(findTestObject("reto_while/Page_Google/Resultado")).toInteger(): Text of object 'Object Repository/reto_while/Page_Google/Resultado' is: '9'

2023-01-28 14:01:21 - [MESSAGE][PASSED] - Text of object 'Object Repository/reto_while/Page_Google/Resultado' is: '9'

2023-01-28 14:01:21 - [TEST_STEP][PASSED] - print(res): null

2023-01-28 14:01:21 - [TEST_STEP][PASSED] - num = Math.random() * 5: null

2023-01-28 14:01:21 - [TEST_STEP][PASSED] - setText(findTestObject("Object Repository/reto_while/Page_Google/input__q"), "5+" + num): Text '5+1' is set on object 'Object Repository/reto_while/Page_Google/input__q'

2023-01-28 14:01:22 - [MESSAGE][PASSED] - Text '5+1' is set on object 'Object Repository/reto_while/Page_Google/input__q'

2023-01-28 14:01:22 - [TEST_STEP][PASSED] - sendKeys(findTestObject("Object Repository/reto_while/Page_Google/input__q"), Keys.chord(ENTER)): Keys 'ENTER + ' sent to object: 'Object Repository/reto_while/Page_Google/input__q'

2023-01-28 14:01:25 - [MESSAGE][PASSED] - Keys 'ENTER + ' sent to object: 'Object Repository/reto_while/Page_Google/input__q'

2023-01-28 14:01:25 - [TEST_STEP][PASSED] - res = getText(findTestObject("reto_while/Page_Google/Resultado")).toInteger(): Text of object 'Object Repository/reto_while/Page_Google/Resultado' is: '6'

2023-01-28 14:01:26 - [MESSAGE][PASSED] - Text of object 'Object Repository/reto_while/Page_Google/Resultado' is: '6'

2023-01-28 14:01:26 - [TEST_STEP][PASSED] - print(res): null

2023-01-28 14:01:26 - [TEST_STEP][PASSED] - num = Math.random() * 5: null

2023-01-28 14:01:26 - [TEST_STEP][PASSED] - setText(findTestObject("Object Repository/reto_while/Page_Google/input__q"), "5+" + num): Text '5+0' is set on object 'Object Repository/reto_while/Page_Google/input__q'

2023-01-28 14:01:27 - [MESSAGE][PASSED] - Text '5+0' is set on object 'Object Repository/reto_while/Page_Google/input__q'

2023-01-28 14:01:27 - [TEST_STEP][PASSED] - sendKeys(findTestObject("Object Repository/reto_while/Page_Google/input__q"), Keys.chord(ENTER)): Keys 'ENTER + ' sent to object: 'Object Repository/reto_while/Page_Google/input__q'

2023-01-28 14:01:28 - [MESSAGE][PASSED] - Keys 'ENTER + ' sent to object: 'Object Repository/reto_while/Page_Google/input__q'

2023-01-28 14:01:28 - [TEST_STEP][PASSED] - res = getText(findTestObject("reto_while/Page_Google/Resultado")).toInteger(): Text of object 'Object Repository/reto_while/Page_Google/Resultado' is: '5'

2023-01-28 14:01:30 - [MESSAGE][PASSED] - Text of object 'Object Repository/reto_while/Page_Google/Resultado' is: '5'

2023-01-28 14:01:30 - [TEST_STEP][PASSED] - print(res): null

2023-01-28 14:01:30 - [TEST_STEP][PASSED] - num = Math.random() * 5: null

2023-01-28 14:01:30 - [TEST_STEP][PASSED] - setText(findTestObject("Object Repository/reto_while/Page_Google/input__q"), "5+" + num): Text '5+0' is set on object 'Object Repository/reto_while/Page_Google/input__q'

2023-01-28 14:01:30 - [MESSAGE][PASSED] - Text '5+0' is set on object 'Object Repository/reto_while/Page_Google/input__q'

2023-01-28 14:01:30 - [TEST_STEP][PASSED] - sendKeys(findTestObject("Object Repository/reto_while/Page_Google/input__q"), Keys.chord(ENTER)): Keys 'ENTER + ' sent to object: 'Object Repository/reto_while/Page_Google/input__q'

2023-01-28 14:01:34 - [MESSAGE][PASSED] - Keys 'ENTER + ' sent to object: 'Object Repository/reto_while/Page_Google/input__q'

2023-01-28 14:01:34 - [TEST_STEP][PASSED] - res = getText(findTestObject("reto_while/Page_Google/Resultado")).toInteger(): Text of object 'Object Repository/reto_while/Page_Google/Resultado' is: '5'

2023-01-28 14:01:34 - [MESSAGE][PASSED] - Text of object 'Object Repository/reto_while/Page_Google/Resultado' is: '5'

2023-01-28 14:01:34 - [TEST_STEP][PASSED] - print(res): null

2023-01-28 14:01:34 - [TEST_STEP][PASSED] - num = Math.random() * 5: null

2023-01-28 14:01:34 - [TEST_STEP][PASSED] - setText(findTestObject("Object Repository/reto_while/Page_Google/input__q"), "5+" + num): Text '5+0' is set on object 'Object Repository/reto_while/Page_Google/input__q'

2023-01-28 14:01:35 - [MESSAGE][PASSED] - Text '5+0' is set on object 'Object Repository/reto_while/Page_Google/input__q'

2023-01-28 14:01:35 - [TEST_STEP][PASSED] - sendKeys(findTestObject("Object Repository/reto_while/Page_Google/input__q"), Keys.chord(ENTER)): Keys 'ENTER + ' sent to object: 'Object Repository/reto_while/Page_Google/input__q'

2023-01-28 14:01:36 - [MESSAGE][PASSED] - Keys 'ENTER + ' sent to object: 'Object Repository/reto_while/Page_Google/input__q'

2023-01-28 14:01:36 - [TEST_STEP][PASSED] - res = getText(findTestObject("reto_while/Page_Google/Resultado")).toInteger(): Text of object 'Object Repository/reto_while/Page_Google/Resultado' is: '5'

2023-01-28 14:01:38 - [MESSAGE][PASSED] - Text of object 'Object Repository/reto_while/Page_Google/Resultado' is: '5'

2023-01-28 14:01:38 - [TEST_STEP][PASSED] - print(res): null

2023-01-28 14:01:38 - [TEST_STEP][PASSED] - num = Math.random() * 5: null

2023-01-28 14:01:38 - [TEST_STEP][PASSED] - setText(findTestObject("Object Repository/reto_while/Page_Google/input__q"), "5+" + num): Text '5+3' is set on object 'Object Repository/reto_while/Page_Google/input__q'

2023-01-28 14:01:38 - [MESSAGE][PASSED] - Text '5+3' is set on object 'Object Repository/reto_while/Page_Google/input__q'

2023-01-28 14:01:38 - [TEST_STEP][PASSED] - sendKeys(findTestObject("Object Repository/reto_while/Page_Google/input__q"), Keys.chord(ENTER)): Keys 'ENTER + ' sent to object: 'Object Repository/reto_while/Page_Google/input__q'

2023-01-28 14:01:41 - [MESSAGE][PASSED] - Keys 'ENTER + ' sent to object: 'Object Repository/reto_while/Page_Google/input__q'

2023-01-28 14:01:41 - [TEST_STEP][PASSED] - res = getText(findTestObject("reto_while/Page_Google/Resultado")).toInteger(): Text of object 'Object Repository/reto_while/Page_Google/Resultado' is: '8'

2023-01-28 14:01:41 - [MESSAGE][PASSED] - Text of object 'Object Repository/reto_while/Page_Google/Resultado' is: '8'

2023-01-28 14:01:41 - [TEST_STEP][PASSED] - print(res): null

2023-01-28 14:01:41 - [TEST_STEP][PASSED] - if (res == 8): Browser is closed

2023-01-28 14:01:41 - [TEST_STEP][PASSED] - closeBrowser(): Browser is closed

2023-01-28 14:01:42 - [MESSAGE][PASSED] - Browser is closed]]></system-out>
         <system-err><![CDATA[]]></system-err>
      </testcase>
      <system-out><![CDATA[2023-01-28 14:00:47 - [TEST_SUITE][ERROR] - Integration_tests: Test Cases/bucles/Reto_for FAILED.
Reason:
groovy.lang.MissingPropertyException: No such property: tx_nombre for class: Script1673448766552
	at Reto_for.run(Reto_for:40)
	at com.kms.katalon.core.main.ScriptEngine.run(ScriptEngine.java:194)
	at com.kms.katalon.core.main.ScriptEngine.runScriptAsRawText(ScriptEngine.java:119)
	at com.kms.katalon.core.main.TestCaseExecutor.runScript(TestCaseExecutor.java:448)
	at com.kms.katalon.core.main.TestCaseExecutor.doExecute(TestCaseExecutor.java:439)
	at com.kms.katalon.core.main.TestCaseExecutor.processExecutionPhase(TestCaseExecutor.java:418)
	at com.kms.katalon.core.main.TestCaseExecutor.accessMainPhase(TestCaseExecutor.java:410)
	at com.kms.katalon.core.main.TestCaseExecutor.execute(TestCaseExecutor.java:285)
	at com.kms.katalon.core.common.CommonExecutor.accessTestCaseMainPhase(CommonExecutor.java:65)
	at com.kms.katalon.core.main.TestSuiteExecutor.accessTestSuiteMainPhase(TestSuiteExecutor.java:151)
	at com.kms.katalon.core.main.TestSuiteExecutor.execute(TestSuiteExecutor.java:106)
	at com.kms.katalon.core.main.TestCaseMain.startTestSuite(TestCaseMain.java:185)
	at com.kms.katalon.core.main.TestCaseMain$startTestSuite$0.call(Unknown Source)
	at TempTestSuite1674928827072.run(TempTestSuite1674928827072.groovy:36)]]></system-out>
      <system-err><![CDATA[2023-01-28 14:00:47 - [TEST_SUITE][ERROR] - Integration_tests: Test Cases/bucles/Reto_for FAILED.
Reason:
groovy.lang.MissingPropertyException: No such property: tx_nombre for class: Script1673448766552
	at Reto_for.run(Reto_for:40)
	at com.kms.katalon.core.main.ScriptEngine.run(ScriptEngine.java:194)
	at com.kms.katalon.core.main.ScriptEngine.runScriptAsRawText(ScriptEngine.java:119)
	at com.kms.katalon.core.main.TestCaseExecutor.runScript(TestCaseExecutor.java:448)
	at com.kms.katalon.core.main.TestCaseExecutor.doExecute(TestCaseExecutor.java:439)
	at com.kms.katalon.core.main.TestCaseExecutor.processExecutionPhase(TestCaseExecutor.java:418)
	at com.kms.katalon.core.main.TestCaseExecutor.accessMainPhase(TestCaseExecutor.java:410)
	at com.kms.katalon.core.main.TestCaseExecutor.execute(TestCaseExecutor.java:285)
	at com.kms.katalon.core.common.CommonExecutor.accessTestCaseMainPhase(CommonExecutor.java:65)
	at com.kms.katalon.core.main.TestSuiteExecutor.accessTestSuiteMainPhase(TestSuiteExecutor.java:151)
	at com.kms.katalon.core.main.TestSuiteExecutor.execute(TestSuiteExecutor.java:106)
	at com.kms.katalon.core.main.TestCaseMain.startTestSuite(TestCaseMain.java:185)
	at com.kms.katalon.core.main.TestCaseMain$startTestSuite$0.call(Unknown Source)
	at TempTestSuite1674928827072.run(TempTestSuite1674928827072.groovy:36)]]></system-err>
   </testsuite>
</testsuites>
